#
# A fatal error has been detected by the Java Runtime Environment:
#
#  EXCEPTION_ACCESS_VIOLATION (0xc0000005) at pc=0x00000000700c8091, pid=19024, tid=0x0000000000001498
#
# JRE version: OpenJDK Runtime Environment (8.0_242-b01) (build 1.8.0_242-release-1644-b01)
# Java VM: OpenJDK 64-Bit Server VM (25.242-b01 mixed mode windows-amd64 compressed oops)
# Problematic frame:
# V  [jvm.dll+0x218091]
#
# Failed to write core dump. Minidumps are not enabled by default on client versions of Windows
#
# If you would like to submit a bug report, please visit:
#   
#

---------------  T H R E A D  ---------------

Current thread (0x000000001d3b3800):  JavaThread "ForkJoinPool-1-worker-7" daemon [_thread_in_vm, id=5272, stack(0x0000000033d40000,0x0000000033e40000)]

siginfo: ExceptionCode=0xc0000005, reading address 0xffffffffffffffff

Registers:
RAX=0x8a0c01e88a0c0230, RBX=0x8a0c01e88a0c0230, RCX=0x0000000000000000, RDX=0x0000000086c8f078
RSP=0x0000000033e3e460, RBP=0x000000001d3b3800, RSI=0x0000000086c8f078, RDI=0x000000001fbc4d68
R8 =0x8a0c01e88a0c0230, R9 =0x00000000f49b28d0, R10=0x00007ffb2ee65b48, R11=0x0000000086c8f078
R12=0x0000000000000000, R13=0x0000007fffffff00, R14=0x0000000033e3e580, R15=0x000000001d3b3800
RIP=0x00000000700c8091, EFLAGS=0x0000000000010286

Top of Stack: (sp=0x0000000033e3e460)
0x0000000033e3e460:   0000000000000000 0000000000000000
0x0000000033e3e470:   0000000000000000 0000000000000000
0x0000000033e3e480:   0000000000000000 0000000000000000
0x0000000033e3e490:   000000001d3b3800 0000000033e3e580
0x0000000033e3e4a0:   0000007fffffff00 0000000000000000
0x0000000033e3e4b0:   0000000086c8f078 00000000700c9096
0x0000000033e3e4c0:   8a0c01e88a0c0230 0000000033e3e590
0x0000000033e3e4d0:   000000001d3b3800 00000000f1e7b208
0x0000000033e3e4e0:   0000000012110000 0000000033e3e550
0x0000000033e3e4f0:   0000000000000000 000000007000c1d1
0x0000000033e3e500:   0000000033e3e590 0000000000000000
0x0000000033e3e510:   000000001d3b3800 0000000000000000
0x0000000033e3e520:   00000000f1e23908 000000000392b714
0x0000000033e3e530:   00000000177e9aa0 0000000033e3e590
0x0000000033e3e540:   00000000f1e7b208 00000000f1e7b208
0x0000000033e3e550:   0000000086c8f078 0000000033e3e580 

Instructions: (pc=0x00000000700c8091)
0x00000000700c8071:   05 5e ee 55 00 33 c9 89 47 68 ff 15 ef 3a 57 00
0x00000000700c8081:   48 3b c3 0f 85 46 01 00 00 48 8b c3 48 83 e0 fd
0x00000000700c8091:   48 8b 00 48 89 07 48 89 5f 18 4c 89 67 28 48 89
0x00000000700c80a1:   77 08 48 8b 06 48 85 c0 74 24 4c 8d 0d de 07 3c 


Register to memory mapping:

RAX=0x8a0c01e88a0c0230 is an unknown value
RBX=0x8a0c01e88a0c0230 is an unknown value
RCX=0x0000000000000000 is an unknown value
RDX=0x0000000086c8f078 is pointing into object: 0x0000000086c8f068
com.android.tools.r8.graph.d0 
 - klass: 'com/android/tools/r8/graph/d0'
RSP=0x0000000033e3e460 is pointing into the stack for thread: 0x000000001d3b3800
RBP=0x000000001d3b3800 is a thread
RSI=0x0000000086c8f078 is pointing into object: 0x0000000086c8f068
com.android.tools.r8.graph.d0 
 - klass: 'com/android/tools/r8/graph/d0'
RDI=0x000000001fbc4d68 is an unknown value
R8 =0x8a0c01e88a0c0230 is an unknown value
R9 =0x00000000f49b28d0 is an oop
com.android.tools.r8.t.a.a.a.h.V0 
 - klass: 'com/android/tools/r8/t/a/a/a/h/V0'
R10=0x00007ffb2ee65b48 is an unknown value
R11=0x0000000086c8f078 is pointing into object: 0x0000000086c8f068
com.android.tools.r8.graph.d0 
 - klass: 'com/android/tools/r8/graph/d0'
R12=0x0000000000000000 is an unknown value
R13=0x0000007fffffff00 is an unknown value
R14=0x0000000033e3e580 is pointing into the stack for thread: 0x000000001d3b3800
R15=0x000000001d3b3800 is a thread


Stack: [0x0000000033d40000,0x0000000033e40000],  sp=0x0000000033e3e460,  free space=1017k
Native frames: (J=compiled Java code, j=interpreted, Vv=VM code, C=native code)
V  [jvm.dll+0x218091]
V  [jvm.dll+0x219096]
V  [jvm.dll+0x15c1d1]
C  0x000000000392b714

Java frames: (J=compiled Java code, j=interpreted, Vv=VM code)
J 2346  java.lang.System.identityHashCode(Ljava/lang/Object;)I (0 bytes) @ 0x000000000392b692 [0x000000000392b640+0x52]
J 14729 C2 com.android.tools.r8.graph.g1.a(Lcom/android/tools/r8/graph/D0;Lcom/android/tools/r8/t/a/a/a/h/W0;)I (96 bytes) @ 0x00000000057e71f4 [0x00000000057e70c0+0x134]
J 15151 C1 com.android.tools.r8.dex.r.a(Ljava/lang/Iterable;Z)V (233 bytes) @ 0x00000000055540cc [0x00000000055532c0+0xe0c]
J 15134 C1 com.android.tools.r8.dex.r.b(Lcom/android/tools/r8/graph/f0;)V (181 bytes) @ 0x000000000550e7f4 [0x000000000550e540+0x2b4]
J 15133 C1 com.android.tools.r8.dex.r$$Lambda$1303.accept(Ljava/lang/Object;)V (12 bytes) @ 0x000000000550b514 [0x000000000550b480+0x94]
J 14254 C2 java.lang.Iterable.forEach(Ljava/util/function/Consumer;)V (39 bytes) @ 0x00000000037ef9bc [0x00000000037ef920+0x9c]
j  com.android.tools.r8.dex.r.a(Ljava/util/Collection;Ljava/util/function/Consumer;Ljava/util/function/Consumer;I)V+42
J 14726% C1 com.android.tools.r8.dex.r.c()Lcom/android/tools/r8/dex/r$a; (2729 bytes) @ 0x0000000005807f84 [0x00000000058015c0+0x69c4]
j  com.android.tools.r8.dex.b.a(Lcom/android/tools/r8/dex/P;)Ljava/lang/Boolean;+204
j  com.android.tools.r8.dex.b$$Lambda$1276.call()Ljava/lang/Object;+8
j  java.util.concurrent.ForkJoinTask$AdaptedCallable.exec()Z+5
j  java.util.concurrent.ForkJoinTask.doExec()I+10
j  java.util.concurrent.ForkJoinPool$WorkQueue.runTask(Ljava/util/concurrent/ForkJoinTask;)V+21
j  java.util.concurrent.ForkJoinPool.runWorker(Ljava/util/concurrent/ForkJoinPool$WorkQueue;)V+35
j  java.util.concurrent.ForkJoinWorkerThread.run()V+24
v  ~StubRoutines::call_stub

---------------  P R O C E S S  ---------------

Java Threads: ( => current thread )
  0x000000001d3ad800 JavaThread "ForkJoinPool-1-worker-0" daemon [_thread_blocked, id=684, stack(0x0000000033f40000,0x0000000034040000)]
  0x000000001d3b4000 JavaThread "ForkJoinPool-1-worker-6" daemon [_thread_blocked, id=9492, stack(0x0000000033e40000,0x0000000033f40000)]
=>0x000000001d3b3800 JavaThread "ForkJoinPool-1-worker-7" daemon [_thread_in_vm, id=5272, stack(0x0000000033d40000,0x0000000033e40000)]
  0x000000001d3ac000 JavaThread "ForkJoinPool-1-worker-5" daemon [_thread_blocked, id=19636, stack(0x0000000033c40000,0x0000000033d40000)]
  0x000000001d3b0800 JavaThread "ForkJoinPool-1-worker-4" daemon [_thread_blocked, id=20028, stack(0x0000000033b40000,0x0000000033c40000)]
  0x000000001d3b2800 JavaThread "ForkJoinPool-1-worker-3" daemon [_thread_blocked, id=16196, stack(0x0000000033a40000,0x0000000033b40000)]
  0x000000001d3af800 JavaThread "ForkJoinPool-1-worker-2" daemon [_thread_blocked, id=16980, stack(0x0000000033940000,0x0000000033a40000)]
  0x000000001d3a4800 JavaThread "ForkJoinPool-1-worker-1" daemon [_thread_blocked, id=15648, stack(0x0000000033840000,0x0000000033940000)]
  0x000000001d3af000 JavaThread "WorkerExecutor Queue Thread 5" [_thread_blocked, id=10012, stack(0x0000000032dc0000,0x0000000032ec0000)]
  0x000000001d3ac800 JavaThread "WorkerExecutor Queue Thread 4" [_thread_blocked, id=14964, stack(0x00000000326c0000,0x00000000327c0000)]
  0x000000001d3a3000 JavaThread "WorkerExecutor Queue Thread 3" [_thread_blocked, id=12716, stack(0x00000000325c0000,0x00000000326c0000)]
  0x000000001d3a5000 JavaThread "WorkerExecutor Queue Thread 2" [_thread_blocked, id=18880, stack(0x00000000324c0000,0x00000000325c0000)]
  0x000000001d3a9800 JavaThread "WorkerExecutor Queue" [_thread_blocked, id=11908, stack(0x00000000323c0000,0x00000000324c0000)]
  0x000000001d3a9000 JavaThread "ForkJoinPool.commonPool-worker-7" daemon [_thread_blocked, id=4784, stack(0x0000000031fd0000,0x00000000320d0000)]
  0x000000001d3a1800 JavaThread "ForkJoinPool.commonPool-worker-6" daemon [_thread_blocked, id=17620, stack(0x0000000031ed0000,0x0000000031fd0000)]
  0x000000001d3a3800 JavaThread "ForkJoinPool.commonPool-worker-5" daemon [_thread_blocked, id=6300, stack(0x0000000031dd0000,0x0000000031ed0000)]
  0x000000001d3a7800 JavaThread "ForkJoinPool.commonPool-worker-4" daemon [_thread_blocked, id=8368, stack(0x0000000031cd0000,0x0000000031dd0000)]
  0x000000001d3a2000 JavaThread "ForkJoinPool.commonPool-worker-3" daemon [_thread_blocked, id=11652, stack(0x0000000031bd0000,0x0000000031cd0000)]
  0x000000001d3a6800 JavaThread "ForkJoinPool.commonPool-worker-1" daemon [_thread_blocked, id=14260, stack(0x00000000315d0000,0x00000000316d0000)]
  0x000000001d3a6000 JavaThread "RMI TCP Connection(2)-127.0.0.1" daemon [_thread_in_native, id=2352, stack(0x00000000317d0000,0x00000000318d0000)]
  0x0000000020226000 JavaThread "RMI TCP Accept-0" daemon [_thread_in_native, id=9496, stack(0x00000000316d0000,0x00000000317d0000)]
  0x0000000020220000 JavaThread "Cache worker for execution history cache (E:\MyAndroidProjects\Kotlin\WWWeather\.gradle\6.5\executionHistory)" [_thread_blocked, id=18204, stack(0x00000000312d0000,0x00000000313d0000)]
  0x0000000020223800 JavaThread "Execution worker for ':' Thread 7" [_thread_blocked, id=9332, stack(0x00000000311d0000,0x00000000312d0000)]
  0x000000002021c000 JavaThread "Execution worker for ':' Thread 6" [_thread_blocked, id=10228, stack(0x000000002fc10000,0x000000002fd10000)]
  0x0000000020222000 JavaThread "Execution worker for ':' Thread 5" [_thread_blocked, id=19652, stack(0x000000002f410000,0x000000002f510000)]
  0x0000000020220800 JavaThread "Execution worker for ':' Thread 4" [_thread_blocked, id=6900, stack(0x000000002ea10000,0x000000002eb10000)]
  0x0000000020223000 JavaThread "Execution worker for ':' Thread 3" [_thread_blocked, id=2728, stack(0x000000002e710000,0x000000002e810000)]
  0x000000002021b800 JavaThread "Execution worker for ':' Thread 2" [_thread_blocked, id=10352, stack(0x000000002c680000,0x000000002c780000)]
  0x000000002021e800 JavaThread "Execution worker for ':'" [_thread_blocked, id=14288, stack(0x000000002b630000,0x000000002b730000)]
  0x000000002021a000 JavaThread "Cache worker for file content cache (E:\MyAndroidProjects\Kotlin\WWWeather\.gradle\6.5\fileContent)" [_thread_blocked, id=17260, stack(0x000000002b130000,0x000000002b230000)]
  0x000000002021f000 JavaThread "Cache worker for Build Output Cleanup Cache (E:\MyAndroidProjects\Kotlin\WWWeather\.gradle\buildOutputCleanup)" [_thread_blocked, id=5436, stack(0x000000002b250000,0x000000002b350000)]
  0x000000002021d800 JavaThread "jar transforms Thread 226" [_thread_blocked, id=10640, stack(0x000000002b030000,0x000000002b130000)]
  0x0000000020217000 JavaThread "jar transforms Thread 225" [_thread_blocked, id=9968, stack(0x000000002af30000,0x000000002b030000)]
  0x000000002021a800 JavaThread "jar transforms Thread 224" [_thread_blocked, id=13660, stack(0x000000002ae30000,0x000000002af30000)]
  0x000000002021d000 JavaThread "jar transforms Thread 223" [_thread_blocked, id=18984, stack(0x000000002ac30000,0x000000002ad30000)]
  0x0000000020217800 JavaThread "jar transforms Thread 222" [_thread_blocked, id=2540, stack(0x000000002ab30000,0x000000002ac30000)]
  0x000000001fb0d800 JavaThread "jar transforms Thread 221" [_thread_blocked, id=19096, stack(0x000000002aa30000,0x000000002ab30000)]
  0x000000001fb0c800 JavaThread "jar transforms Thread 220" [_thread_blocked, id=13900, stack(0x000000002a930000,0x000000002aa30000)]
  0x000000001fb0b000 JavaThread "jar transforms Thread 219" [_thread_blocked, id=8252, stack(0x000000002a830000,0x000000002a930000)]
  0x000000001fb0a800 JavaThread "jar transforms Thread 218" [_thread_blocked, id=15740, stack(0x000000002a730000,0x000000002a830000)]
  0x000000001fb0f000 JavaThread "jar transforms Thread 217" [_thread_blocked, id=15568, stack(0x000000002a630000,0x000000002a730000)]
  0x000000001fb08000 JavaThread "jar transforms Thread 216" [_thread_blocked, id=828, stack(0x000000002a530000,0x000000002a630000)]
  0x000000001fb0e000 JavaThread "jar transforms Thread 215" [_thread_blocked, id=18628, stack(0x000000002a430000,0x000000002a530000)]
  0x000000001fb09800 JavaThread "jar transforms Thread 214" [_thread_blocked, id=3736, stack(0x000000002a330000,0x000000002a430000)]
  0x000000001fb0c000 JavaThread "jar transforms Thread 213" [_thread_blocked, id=1220, stack(0x000000002a230000,0x000000002a330000)]
  0x000000001fb09000 JavaThread "jar transforms Thread 212" [_thread_blocked, id=2096, stack(0x000000002a130000,0x000000002a230000)]
  0x000000001fb00800 JavaThread "jar transforms Thread 211" [_thread_blocked, id=13684, stack(0x000000002a030000,0x000000002a130000)]
  0x000000001fb01800 JavaThread "jar transforms Thread 210" [_thread_blocked, id=12368, stack(0x0000000029f30000,0x000000002a030000)]
  0x000000001fb07800 JavaThread "jar transforms Thread 209" [_thread_blocked, id=18236, stack(0x0000000029e30000,0x0000000029f30000)]
  0x000000001fb00000 JavaThread "jar transforms Thread 208" [_thread_blocked, id=6704, stack(0x0000000029d30000,0x0000000029e30000)]
  0x000000001fb06000 JavaThread "jar transforms Thread 207" [_thread_blocked, id=14488, stack(0x0000000029c30000,0x0000000029d30000)]
  0x000000001fb06800 JavaThread "jar transforms Thread 206" [_thread_blocked, id=2388, stack(0x0000000029b30000,0x0000000029c30000)]
  0x000000001fb05000 JavaThread "jar transforms Thread 205" [_thread_blocked, id=2640, stack(0x0000000029a30000,0x0000000029b30000)]
  0x000000001fb04800 JavaThread "jar transforms Thread 204" [_thread_blocked, id=17360, stack(0x0000000029930000,0x0000000029a30000)]
  0x000000001fb03000 JavaThread "jar transforms Thread 203" [_thread_blocked, id=12320, stack(0x0000000029830000,0x0000000029930000)]
  0x000000001fb02000 JavaThread "jar transforms Thread 202" [_thread_blocked, id=15832, stack(0x0000000029730000,0x0000000029830000)]
  0x000000001fb03800 JavaThread "jar transforms Thread 201" [_thread_blocked, id=18680, stack(0x0000000029630000,0x0000000029730000)]
  0x000000001d537800 JavaThread "jar transforms Thread 200" [_thread_blocked, id=20408, stack(0x0000000029530000,0x0000000029630000)]
  0x000000001d534000 JavaThread "jar transforms Thread 199" [_thread_blocked, id=3084, stack(0x0000000029430000,0x0000000029530000)]
  0x000000001d539000 JavaThread "jar transforms Thread 198" [_thread_blocked, id=8868, stack(0x0000000029330000,0x0000000029430000)]
  0x000000001d536000 JavaThread "jar transforms Thread 197" [_thread_blocked, id=5516, stack(0x0000000029230000,0x0000000029330000)]
  0x000000001d535800 JavaThread "jar transforms Thread 196" [_thread_blocked, id=14432, stack(0x0000000029130000,0x0000000029230000)]
  0x000000001d537000 JavaThread "jar transforms Thread 195" [_thread_blocked, id=17144, stack(0x0000000029030000,0x0000000029130000)]
  0x000000001d538800 JavaThread "jar transforms Thread 194" [_thread_blocked, id=10832, stack(0x0000000028f30000,0x0000000029030000)]
  0x000000001d53a000 JavaThread "jar transforms Thread 193" [_thread_blocked, id=17704, stack(0x0000000028e30000,0x0000000028f30000)]
  0x000000001d52f800 JavaThread "jar transforms Thread 192" [_thread_blocked, id=20112, stack(0x0000000028d30000,0x0000000028e30000)]
  0x000000001d534800 JavaThread "jar transforms Thread 191" [_thread_blocked, id=8744, stack(0x0000000028c30000,0x0000000028d30000)]
  0x000000001d532800 JavaThread "jar transforms Thread 190" [_thread_blocked, id=10828, stack(0x0000000028b30000,0x0000000028c30000)]
  0x000000001d52d000 JavaThread "jar transforms Thread 189" [_thread_blocked, id=14644, stack(0x0000000028a30000,0x0000000028b30000)]
  0x000000001d531800 JavaThread "jar transforms Thread 188" [_thread_blocked, id=10448, stack(0x0000000028930000,0x0000000028a30000)]
  0x000000001d530000 JavaThread "jar transforms Thread 187" [_thread_blocked, id=11452, stack(0x0000000028830000,0x0000000028930000)]
  0x000000001d531000 JavaThread "jar transforms Thread 186" [_thread_blocked, id=17596, stack(0x0000000028730000,0x0000000028830000)]
  0x000000001d52c800 JavaThread "jar transforms Thread 185" [_thread_blocked, id=11188, stack(0x0000000028630000,0x0000000028730000)]
  0x000000001d533000 JavaThread "jar transforms Thread 184" [_thread_blocked, id=7076, stack(0x0000000028530000,0x0000000028630000)]
  0x000000001d52b800 JavaThread "jar transforms Thread 183" [_thread_blocked, id=12764, stack(0x0000000028430000,0x0000000028530000)]
  0x000000001d52e800 JavaThread "jar transforms Thread 182" [_thread_blocked, id=3788, stack(0x0000000028330000,0x0000000028430000)]
  0x000000001d52b000 JavaThread "jar transforms Thread 181" [_thread_blocked, id=14044, stack(0x0000000028230000,0x0000000028330000)]
  0x000000001d52e000 JavaThread "jar transforms Thread 180" [_thread_blocked, id=16928, stack(0x0000000028130000,0x0000000028230000)]
  0x000000001b50a000 JavaThread "jar transforms Thread 179" [_thread_blocked, id=13156, stack(0x0000000028030000,0x0000000028130000)]
  0x000000001b50d000 JavaThread "jar transforms Thread 178" [_thread_blocked, id=18676, stack(0x0000000027f30000,0x0000000028030000)]
  0x000000001b508800 JavaThread "jar transforms Thread 177" [_thread_blocked, id=15672, stack(0x0000000027e30000,0x0000000027f30000)]
  0x000000001b50b800 JavaThread "jar transforms Thread 176" [_thread_blocked, id=18200, stack(0x0000000027d30000,0x0000000027e30000)]
  0x000000001b50a800 JavaThread "jar transforms Thread 175" [_thread_blocked, id=19160, stack(0x0000000027c30000,0x0000000027d30000)]
  0x000000001b50c000 JavaThread "jar transforms Thread 174" [_thread_blocked, id=19924, stack(0x0000000027b30000,0x0000000027c30000)]
  0x000000001b509000 JavaThread "jar transforms Thread 173" [_thread_blocked, id=13696, stack(0x0000000027a30000,0x0000000027b30000)]
  0x000000001b507800 JavaThread "jar transforms Thread 172" [_thread_blocked, id=12048, stack(0x0000000027930000,0x0000000027a30000)]
  0x000000001b500000 JavaThread "jar transforms Thread 171" [_thread_blocked, id=13936, stack(0x0000000027830000,0x0000000027930000)]
  0x000000001b507000 JavaThread "jar transforms Thread 170" [_thread_blocked, id=12744, stack(0x0000000027730000,0x0000000027830000)]
  0x000000001b4ff800 JavaThread "jar transforms Thread 169" [_thread_blocked, id=3952, stack(0x0000000027630000,0x0000000027730000)]
  0x000000001b506000 JavaThread "jar transforms Thread 168" [_thread_blocked, id=6556, stack(0x0000000027530000,0x0000000027630000)]
  0x000000001b503000 JavaThread "jar transforms Thread 167" [_thread_blocked, id=11344, stack(0x0000000027430000,0x0000000027530000)]
  0x000000001b502800 JavaThread "jar transforms Thread 166" [_thread_blocked, id=19092, stack(0x0000000027330000,0x0000000027430000)]
  0x000000001b501800 JavaThread "jar transforms Thread 165" [_thread_blocked, id=6832, stack(0x0000000027230000,0x0000000027330000)]
  0x000000001b505800 JavaThread "jar transforms Thread 164" [_thread_blocked, id=17616, stack(0x0000000027130000,0x0000000027230000)]
  0x000000001b504800 JavaThread "jar transforms Thread 163" [_thread_blocked, id=14892, stack(0x0000000027030000,0x0000000027130000)]
  0x000000001b4fe800 JavaThread "jar transforms Thread 162" [_thread_blocked, id=8288, stack(0x0000000026f30000,0x0000000027030000)]
  0x000000001b504000 JavaThread "jar transforms Thread 161" [_thread_blocked, id=15012, stack(0x0000000026e30000,0x0000000026f30000)]
  0x000000001b4fe000 JavaThread "jar transforms Thread 160" [_thread_blocked, id=17872, stack(0x0000000026d30000,0x0000000026e30000)]
  0x000000001b501000 JavaThread "jar transforms Thread 159" [_thread_blocked, id=11812, stack(0x0000000026c30000,0x0000000026d30000)]
  0x000000001b8cd000 JavaThread "jar transforms Thread 158" [_thread_blocked, id=11640, stack(0x0000000026b30000,0x0000000026c30000)]
  0x000000001b8cc000 JavaThread "jar transforms Thread 157" [_thread_blocked, id=7244, stack(0x0000000026a30000,0x0000000026b30000)]
  0x000000001b8ca800 JavaThread "jar transforms Thread 156" [_thread_blocked, id=17432, stack(0x0000000026930000,0x0000000026a30000)]
  0x000000001b8c9000 JavaThread "jar transforms Thread 155" [_thread_blocked, id=19272, stack(0x0000000026830000,0x0000000026930000)]
  0x000000001b8cb800 JavaThread "jar transforms Thread 154" [_thread_blocked, id=13720, stack(0x0000000026730000,0x0000000026830000)]
  0x000000001b8c8800 JavaThread "jar transforms Thread 153" [_thread_blocked, id=13764, stack(0x0000000026630000,0x0000000026730000)]
  0x000000001b8ca000 JavaThread "jar transforms Thread 152" [_thread_blocked, id=148, stack(0x0000000026530000,0x0000000026630000)]
  0x000000001b8c1000 JavaThread "jar transforms Thread 151" [_thread_blocked, id=12944, stack(0x0000000026430000,0x0000000026530000)]
  0x000000001b8c2800 JavaThread "jar transforms Thread 150" [_thread_blocked, id=12096, stack(0x0000000026330000,0x0000000026430000)]
  0x000000001b8c7800 JavaThread "jar transforms Thread 149" [_thread_blocked, id=18228, stack(0x0000000026230000,0x0000000026330000)]
  0x000000001b8c7000 JavaThread "jar transforms Thread 148" [_thread_blocked, id=11044, stack(0x0000000026130000,0x0000000026230000)]
  0x000000001b8bf800 JavaThread "jar transforms Thread 147" [_thread_blocked, id=8104, stack(0x0000000026030000,0x0000000026130000)]
  0x000000001b8c3000 JavaThread "jar transforms Thread 146" [_thread_blocked, id=8500, stack(0x0000000025f30000,0x0000000026030000)]
  0x000000001b8c4800 JavaThread "jar transforms Thread 145" [_thread_blocked, id=19804, stack(0x0000000025e30000,0x0000000025f30000)]
  0x000000001b8c6000 JavaThread "jar transforms Thread 144" [_thread_blocked, id=15272, stack(0x0000000025d30000,0x0000000025e30000)]
  0x000000001b8c5800 JavaThread "jar transforms Thread 143" [_thread_blocked, id=19164, stack(0x0000000025c30000,0x0000000025d30000)]
  0x000000001b8be000 JavaThread "jar transforms Thread 142" [_thread_blocked, id=13248, stack(0x0000000025b30000,0x0000000025c30000)]
  0x000000001b8c0000 JavaThread "jar transforms Thread 141" [_thread_blocked, id=7740, stack(0x0000000025a30000,0x0000000025b30000)]
  0x000000001b8c4000 JavaThread "jar transforms Thread 140" [_thread_blocked, id=6952, stack(0x0000000025930000,0x0000000025a30000)]
  0x000000001b8c1800 JavaThread "jar transforms Thread 139" [_thread_blocked, id=20176, stack(0x0000000025830000,0x0000000025930000)]
  0x000000001b8be800 JavaThread "jar transforms Thread 138" [_thread_blocked, id=16064, stack(0x0000000025730000,0x0000000025830000)]
  0x000000001b2c5800 JavaThread "jar transforms Thread 137" [_thread_blocked, id=6232, stack(0x0000000025630000,0x0000000025730000)]
  0x000000001b2c4000 JavaThread "jar transforms Thread 136" [_thread_blocked, id=1848, stack(0x0000000025530000,0x0000000025630000)]
  0x000000001b2c3800 JavaThread "jar transforms Thread 135" [_thread_blocked, id=3636, stack(0x0000000025430000,0x0000000025530000)]
  0x000000001b2c1000 JavaThread "jar transforms Thread 134" [_thread_blocked, id=19752, stack(0x0000000025330000,0x0000000025430000)]
  0x000000001b2c8000 JavaThread "jar transforms Thread 133" [_thread_blocked, id=12504, stack(0x0000000025230000,0x0000000025330000)]
  0x00000000202bf000 JavaThread "jar transforms Thread 132" [_thread_blocked, id=13748, stack(0x0000000025130000,0x0000000025230000)]
  0x00000000202bd800 JavaThread "jar transforms Thread 131" [_thread_blocked, id=15928, stack(0x0000000025030000,0x0000000025130000)]
  0x00000000202bc000 JavaThread "jar transforms Thread 130" [_thread_blocked, id=3756, stack(0x0000000024f30000,0x0000000025030000)]
  0x00000000202ba800 JavaThread "jar transforms Thread 129" [_thread_blocked, id=14392, stack(0x0000000024e30000,0x0000000024f30000)]
  0x00000000202bb000 JavaThread "jar transforms Thread 128" [_thread_blocked, id=17944, stack(0x0000000024d30000,0x0000000024e30000)]
  0x00000000202c0800 JavaThread "jar transforms Thread 127" [_thread_blocked, id=18464, stack(0x0000000024c30000,0x0000000024d30000)]
  0x00000000202bf800 JavaThread "jar transforms Thread 126" [_thread_blocked, id=14908, stack(0x0000000024b30000,0x0000000024c30000)]
  0x00000000202bc800 JavaThread "jar transforms Thread 125" [_thread_blocked, id=19140, stack(0x0000000024a30000,0x0000000024b30000)]
  0x00000000202be000 JavaThread "jar transforms Thread 124" [_thread_blocked, id=17924, stack(0x0000000024930000,0x0000000024a30000)]
  0x00000000202b3000 JavaThread "jar transforms Thread 123" [_thread_blocked, id=19148, stack(0x0000000024830000,0x0000000024930000)]
  0x00000000202b9000 JavaThread "jar transforms Thread 122" [_thread_blocked, id=14528, stack(0x0000000024730000,0x0000000024830000)]
  0x000000001b90d000 JavaThread "jar transforms Thread 121" [_thread_blocked, id=504, stack(0x0000000024630000,0x0000000024730000)]
  0x000000001b905800 JavaThread "jar transforms Thread 120" [_thread_blocked, id=9512, stack(0x0000000024530000,0x0000000024630000)]
  0x000000001b90c000 JavaThread "jar transforms Thread 119" [_thread_blocked, id=9788, stack(0x00000000242b0000,0x00000000243b0000)]
  0x000000001b90b800 JavaThread "jar transforms Thread 118" [_thread_blocked, id=19288, stack(0x00000000241b0000,0x00000000242b0000)]
  0x000000001b90a000 JavaThread "jar transforms Thread 117" [_thread_blocked, id=18736, stack(0x00000000240b0000,0x00000000241b0000)]
  0x000000001b907800 JavaThread "jar transforms Thread 116" [_thread_blocked, id=13376, stack(0x0000000023fb0000,0x00000000240b0000)]
  0x000000001b909000 JavaThread "Build operations Thread 8" [_thread_blocked, id=17448, stack(0x0000000023eb0000,0x0000000023fb0000)]
  0x000000001b902800 JavaThread "Build operations Thread 7" [_thread_blocked, id=8920, stack(0x0000000023db0000,0x0000000023eb0000)]
  0x000000001b906000 JavaThread "Build operations Thread 6" [_thread_blocked, id=4312, stack(0x0000000023cb0000,0x0000000023db0000)]
  0x000000001b904000 JavaThread "Build operations Thread 5" [_thread_blocked, id=13972, stack(0x0000000023bb0000,0x0000000023cb0000)]
  0x000000001b903000 JavaThread "Build operations Thread 4" [_thread_blocked, id=7488, stack(0x0000000023ab0000,0x0000000023bb0000)]
  0x000000001b452800 JavaThread "Build operations Thread 3" [_thread_blocked, id=5592, stack(0x00000000239b0000,0x0000000023ab0000)]
  0x000000001b452000 JavaThread "Build operations Thread 2" [_thread_blocked, id=20292, stack(0x00000000238b0000,0x00000000239b0000)]
  0x000000001b453800 JavaThread "Build operations" [_thread_blocked, id=15788, stack(0x00000000230b0000,0x00000000231b0000)]
  0x000000001b451000 JavaThread "jar transforms Thread 115" [_thread_blocked, id=14736, stack(0x000000001e9b0000,0x000000001eab0000)]
  0x000000001b454000 JavaThread "Cache worker for cache directory md-rule (C:\Users\msalah\.gradle\caches\6.5\md-rule)" [_thread_blocked, id=19088, stack(0x000000001e8b0000,0x000000001e9b0000)]
  0x000000001b449800 JavaThread "Cache worker for cache directory md-supplier (C:\Users\msalah\.gradle\caches\6.5\md-supplier)" [_thread_blocked, id=17920, stack(0x000000001e7b0000,0x000000001e8b0000)]
  0x000000001b44e000 JavaThread "Cache worker for checksums cache (E:\MyAndroidProjects\Kotlin\WWWeather\.gradle\checksums)" [_thread_blocked, id=17164, stack(0x000000001e6b0000,0x000000001e7b0000)]
  0x000000001b44c800 JavaThread "Cache worker for file hash cache (E:\MyAndroidProjects\Kotlin\WWWeather\.gradle\6.5\fileHashes)" [_thread_blocked, id=19100, stack(0x000000001e5b0000,0x000000001e6b0000)]
  0x000000001b44d800 JavaThread "Thread-158" [_thread_blocked, id=5648, stack(0x000000001e4b0000,0x000000001e5b0000)]
  0x000000001b44f800 JavaThread "Stdin handler" [_thread_blocked, id=3848, stack(0x000000001e3b0000,0x000000001e4b0000)]
  0x000000001b44c000 JavaThread "Asynchronous log dispatcher for DefaultDaemonConnection: socket connection from /127.0.0.1:14127 to /127.0.0.1:14245" [_thread_blocked, id=15776, stack(0x000000001dd70000,0x000000001de70000)]
  0x000000001b450800 JavaThread "Daemon worker Thread 2" [_thread_blocked, id=3064, stack(0x000000001dc70000,0x000000001dd70000)]
  0x000000001b44f000 JavaThread "Cancel handler" [_thread_blocked, id=16684, stack(0x0000000001550000,0x0000000001650000)]
  0x000000001b447800 JavaThread "Handler for socket connection from /127.0.0.1:14127 to /127.0.0.1:14245" [_thread_in_native, id=18136, stack(0x0000000001450000,0x0000000001550000)]
  0x000000001b449000 JavaThread "Daemon Thread 2" [_thread_blocked, id=15712, stack(0x0000000001350000,0x0000000001450000)]
  0x00000000202b6800 JavaThread "RMI Reaper" [_thread_blocked, id=12648, stack(0x000000002f710000,0x000000002f810000)]
  0x00000000202b5000 JavaThread "RMI TCP Accept-0" daemon [_thread_in_native, id=9168, stack(0x000000002f610000,0x000000002f710000)]
  0x00000000202b8000 JavaThread "GC Daemon" daemon [_thread_blocked, id=17120, stack(0x000000002f510000,0x000000002f610000)]
  0x00000000202b3800 JavaThread "RMI Scheduler(0)" daemon [_thread_blocked, id=17072, stack(0x000000002f310000,0x000000002f410000)]
  0x000000001b8fe000 JavaThread "Memory manager" [_thread_blocked, id=10936, stack(0x000000002bd30000,0x000000002be30000)]
  0x000000001b2c6800 JavaThread "Cache worker for file content cache (C:\Users\msalah\.gradle\caches\6.5\fileContent)" [_thread_blocked, id=19660, stack(0x00000000231b0000,0x00000000232b0000)]
  0x000000001b2c5000 JavaThread "Cache worker for execution history cache (C:\Users\msalah\.gradle\caches\6.5\executionHistory)" [_thread_blocked, id=5136, stack(0x00000000229b0000,0x0000000022ab0000)]
  0x000000001b2c1800 JavaThread "Cache worker for file hash cache (C:\Users\msalah\.gradle\caches\6.5\fileHashes)" [_thread_blocked, id=19516, stack(0x000000001eeb0000,0x000000001efb0000)]
  0x000000001cb7d800 JavaThread "File lock request listener" [_thread_in_native, id=8860, stack(0x000000001edb0000,0x000000001eeb0000)]
  0x000000001cb77000 JavaThread "Cache worker for journal cache (C:\Users\msalah\.gradle\caches\journal-1)" [_thread_blocked, id=19488, stack(0x000000001ecb0000,0x000000001edb0000)]
  0x000000001ca73800 JavaThread "Daemon periodic checks" [_thread_blocked, id=18388, stack(0x000000001e0b0000,0x000000001e1b0000)]
  0x000000001ca6a000 JavaThread "Incoming local TCP Connector on port 14127" [_thread_in_native, id=1056, stack(0x000000001de70000,0x000000001df70000)]
  0x000000001c991000 JavaThread "Daemon health stats" [_thread_blocked, id=14752, stack(0x000000001d830000,0x000000001d930000)]
  0x000000001a09d800 JavaThread "Service Thread" daemon [_thread_blocked, id=7864, stack(0x000000001ac90000,0x000000001ad90000)]
  0x000000001a01b800 JavaThread "C1 CompilerThread3" daemon [_thread_blocked, id=14412, stack(0x000000001ab90000,0x000000001ac90000)]
  0x0000000019fce000 JavaThread "C2 CompilerThread2" daemon [_thread_in_native, id=4632, stack(0x000000001aa90000,0x000000001ab90000)]
  0x0000000019fca000 JavaThread "C2 CompilerThread1" daemon [_thread_in_native, id=15320, stack(0x000000001a990000,0x000000001aa90000)]
  0x0000000019fc6000 JavaThread "C2 CompilerThread0" daemon [_thread_in_native, id=15912, stack(0x000000001a890000,0x000000001a990000)]
  0x0000000019fc5000 JavaThread "Attach Listener" daemon [_thread_blocked, id=14384, stack(0x000000001a790000,0x000000001a890000)]
  0x000000001a011800 JavaThread "Signal Dispatcher" daemon [_thread_blocked, id=17512, stack(0x000000001a690000,0x000000001a790000)]
  0x0000000019fb0800 JavaThread "Finalizer" daemon [_thread_blocked, id=14632, stack(0x000000001a490000,0x000000001a590000)]
  0x0000000003148000 JavaThread "Reference Handler" daemon [_thread_blocked, id=7344, stack(0x000000001a390000,0x000000001a490000)]
  0x00000000016ce000 JavaThread "main" [_thread_blocked, id=14164, stack(0x0000000002f50000,0x0000000003050000)]

Other Threads:
  0x00000000181b6800 VMThread [stack: 0x0000000019e90000,0x0000000019f90000] [id=15484]
  0x000000001a09e000 WatcherThread [stack: 0x000000001ad90000,0x000000001ae90000] [id=14792]

VM state:not at safepoint (normal execution)

VM Mutex/Monitor currently owned by a thread: None

heap address: 0x0000000080000000, size: 2048 MB, Compressed Oops mode: 32-bit
Narrow klass base: 0x0000000000000000, Narrow klass shift: 3
Compressed class space size: 1073741824 Address: 0x0000000100000000

Heap:
 PSYoungGen      total 441344K, used 72631K [0x00000000d5580000, 0x00000000f6e00000, 0x0000000100000000)
  eden space 368640K, 0% used [0x00000000d5580000,0x00000000d56f5e38,0x00000000ebd80000)
  from space 72704K, 97% used [0x00000000f0f80000,0x00000000f54f8138,0x00000000f5680000)
  to   space 83968K, 0% used [0x00000000ebd80000,0x00000000ebd80000,0x00000000f0f80000)
 ParOldGen       total 333824K, used 196677K [0x0000000080000000, 0x0000000094600000, 0x00000000d5580000)
  object space 333824K, 58% used [0x0000000080000000,0x000000008c0116e8,0x0000000094600000)
 Metaspace       used 108902K, capacity 114278K, committed 114456K, reserved 1148928K
  class space    used 14856K, capacity 15868K, committed 15920K, reserved 1048576K

Card table byte_map: [0x0000000012510000,0x0000000012920000] byte_map_base: 0x0000000012110000

Marking Bits: (ParMarkBitMap*) 0x000000007067f030
 Begin Bits: [0x00000000133d0000, 0x00000000153d0000)
 End Bits:   [0x00000000153d0000, 0x00000000173d0000)

Polling page: 0x00000000016a0000

CodeCache: size=245760Kb used=39366Kb max_used=39892Kb free=206393Kb
 bounds [0x0000000003150000, 0x0000000005880000, 0x0000000012150000]
 total_blobs=13390 nmethods=12513 adapters=789
 compilation: enabled

Compilation events (10 events):
Event: 176.700 Thread 0x000000001a01b800 15158       2       com.android.tools.r8.graph.Z0::j (24 bytes)
Event: 176.700 Thread 0x000000001a01b800 nmethod 15158 0x00000000055505d0 code [0x0000000005550760, 0x0000000005550a48]
Event: 176.700 Thread 0x000000001a01b800 15160       3       com.android.tools.r8.graph.Z0::g (7 bytes)
Event: 176.700 Thread 0x000000001a01b800 nmethod 15160 0x000000000554fc90 code [0x000000000554fe20, 0x0000000005550330]
Event: 176.700 Thread 0x000000001a01b800 15161       3       com.android.tools.r8.graph.Z0$$Lambda$1402/1065186433::get$Lambda (9 bytes)
Event: 176.811 Thread 0x000000001a01b800 nmethod 15161 0x000000000554f7d0 code [0x000000000554f940, 0x000000000554fb90]
Event: 176.811 Thread 0x000000001a01b800 15156       2       com.android.tools.r8.graph.Z0$$Lambda$1224/744437474::<init> (10 bytes)
Event: 176.811 Thread 0x000000001a01b800 nmethod 15156 0x000000000554f490 code [0x000000000554f5e0, 0x000000000554f750]
Event: 176.812 Thread 0x0000000019fce000 nmethod 15117 0x000000000554a0d0 code [0x000000000554a240, 0x000000000554a528]
Event: 176.812 Thread 0x0000000019fce000 15088       4       com.android.tools.r8.graph.i0::c (6 bytes)

GC Heap History (10 events):
Event: 160.092 GC heap before
{Heap before GC invocations=18 (full 4):
 PSYoungGen      total 297984K, used 13962K [0x00000000d5580000, 0x00000000e9c00000, 0x0000000100000000)
  eden space 266752K, 0% used [0x00000000d5580000,0x00000000d5580000,0x00000000e5a00000)
  from space 31232K, 44% used [0x00000000e7700000,0x00000000e84a2bb8,0x00000000e9580000)
  to   space 29696K, 0% used [0x00000000e5a00000,0x00000000e5a00000,0x00000000e7700000)
 ParOldGen       total 218624K, used 80998K [0x0000000080000000, 0x000000008d580000, 0x00000000d5580000)
  object space 218624K, 37% used [0x0000000080000000,0x0000000084f19860,0x000000008d580000)
 Metaspace       used 94183K, capacity 98406K, committed 98584K, reserved 1134592K
  class space    used 12718K, capacity 13500K, committed 13616K, reserved 1048576K
Event: 160.406 GC heap after
Heap after GC invocations=18 (full 4):
 PSYoungGen      total 297984K, used 0K [0x00000000d5580000, 0x00000000e9c00000, 0x0000000100000000)
  eden space 266752K, 0% used [0x00000000d5580000,0x00000000d5580000,0x00000000e5a00000)
  from space 31232K, 0% used [0x00000000e7700000,0x00000000e7700000,0x00000000e9580000)
  to   space 29696K, 0% used [0x00000000e5a00000,0x00000000e5a00000,0x00000000e7700000)
 ParOldGen       total 333824K, used 70438K [0x0000000080000000, 0x0000000094600000, 0x00000000d5580000)
  object space 333824K, 21% used [0x0000000080000000,0x00000000844c9998,0x0000000094600000)
 Metaspace       used 93973K, capacity 97786K, committed 98584K, reserved 1134592K
  class space    used 12651K, capacity 13382K, committed 13616K, reserved 1048576K
}
Event: 171.112 GC heap before
{Heap before GC invocations=19 (full 4):
 PSYoungGen      total 297984K, used 266752K [0x00000000d5580000, 0x00000000e9c00000, 0x0000000100000000)
  eden space 266752K, 100% used [0x00000000d5580000,0x00000000e5a00000,0x00000000e5a00000)
  from space 31232K, 0% used [0x00000000e7700000,0x00000000e7700000,0x00000000e9580000)
  to   space 29696K, 0% used [0x00000000e5a00000,0x00000000e5a00000,0x00000000e7700000)
 ParOldGen       total 333824K, used 70438K [0x0000000080000000, 0x0000000094600000, 0x00000000d5580000)
  object space 333824K, 21% used [0x0000000080000000,0x00000000844c9998,0x0000000094600000)
 Metaspace       used 97897K, capacity 101850K, committed 102168K, reserved 1136640K
  class space    used 13233K, capacity 13978K, committed 14128K, reserved 1048576K
Event: 171.132 GC heap after
Heap after GC invocations=19 (full 4):
 PSYoungGen      total 296448K, used 21608K [0x00000000d5580000, 0x00000000ec780000, 0x0000000100000000)
  eden space 266752K, 0% used [0x00000000d5580000,0x00000000d5580000,0x00000000e5a00000)
  from space 29696K, 72% used [0x00000000e5a00000,0x00000000e6f1a198,0x00000000e7700000)
  to   space 30720K, 0% used [0x00000000ea980000,0x00000000ea980000,0x00000000ec780000)
 ParOldGen       total 333824K, used 70446K [0x0000000080000000, 0x0000000094600000, 0x00000000d5580000)
  object space 333824K, 21% used [0x0000000080000000,0x00000000844cb998,0x0000000094600000)
 Metaspace       used 97897K, capacity 101850K, committed 102168K, reserved 1136640K
  class space    used 13233K, capacity 13978K, committed 14128K, reserved 1048576K
}
Event: 171.629 GC heap before
{Heap before GC invocations=20 (full 4):
 PSYoungGen      total 296448K, used 288360K [0x00000000d5580000, 0x00000000ec780000, 0x0000000100000000)
  eden space 266752K, 100% used [0x00000000d5580000,0x00000000e5a00000,0x00000000e5a00000)
  from space 29696K, 72% used [0x00000000e5a00000,0x00000000e6f1a198,0x00000000e7700000)
  to   space 30720K, 0% used [0x00000000ea980000,0x00000000ea980000,0x00000000ec780000)
 ParOldGen       total 333824K, used 70450K [0x0000000080000000, 0x0000000094600000, 0x00000000d5580000)
  object space 333824K, 21% used [0x0000000080000000,0x00000000844cc9a8,0x0000000094600000)
 Metaspace       used 98481K, capacity 102508K, committed 102936K, reserved 1138688K
  class space    used 13286K, capacity 14019K, committed 14128K, reserved 1048576K
Event: 171.674 GC heap after
Heap after GC invocations=20 (full 4):
 PSYoungGen      total 336896K, used 30712K [0x00000000d5580000, 0x00000000f0380000, 0x0000000100000000)
  eden space 306176K, 0% used [0x00000000d5580000,0x00000000d5580000,0x00000000e8080000)
  from space 30720K, 99% used [0x00000000ea980000,0x00000000ec77e0c8,0x00000000ec780000)
  to   space 41984K, 0% used [0x00000000e8080000,0x00000000e8080000,0x00000000ea980000)
 ParOldGen       total 333824K, used 89420K [0x0000000080000000, 0x0000000094600000, 0x00000000d5580000)
  object space 333824K, 26% used [0x0000000080000000,0x0000000085753270,0x0000000094600000)
 Metaspace       used 98481K, capacity 102508K, committed 102936K, reserved 1138688K
  class space    used 13286K, capacity 14019K, committed 14128K, reserved 1048576K
}
Event: 174.034 GC heap before
{Heap before GC invocations=21 (full 4):
 PSYoungGen      total 336896K, used 336888K [0x00000000d5580000, 0x00000000f0380000, 0x0000000100000000)
  eden space 306176K, 100% used [0x00000000d5580000,0x00000000e8080000,0x00000000e8080000)
  from space 30720K, 99% used [0x00000000ea980000,0x00000000ec77e0c8,0x00000000ec780000)
  to   space 41984K, 0% used [0x00000000e8080000,0x00000000e8080000,0x00000000ea980000)
 ParOldGen       total 333824K, used 89423K [0x0000000080000000, 0x0000000094600000, 0x00000000d5580000)
  object space 333824K, 26% used [0x0000000080000000,0x0000000085753de0,0x0000000094600000)
 Metaspace       used 108296K, capacity 113634K, committed 113944K, reserved 1146880K
  class space    used 14845K, capacity 15822K, committed 15920K, reserved 1048576K
Event: 174.156 GC heap after
Heap after GC invocations=21 (full 4):
 PSYoungGen      total 348160K, used 41966K [0x00000000d5580000, 0x00000000f5680000, 0x0000000100000000)
  eden space 306176K, 0% used [0x00000000d5580000,0x00000000d5580000,0x00000000e8080000)
  from space 41984K, 99% used [0x00000000e8080000,0x00000000ea97bbe0,0x00000000ea980000)
  to   space 72704K, 0% used [0x00000000f0f80000,0x00000000f0f80000,0x00000000f5680000)
 ParOldGen       total 333824K, used 155205K [0x0000000080000000, 0x0000000094600000, 0x00000000d5580000)
  object space 333824K, 46% used [0x0000000080000000,0x0000000089791448,0x0000000094600000)
 Metaspace       used 108296K, capacity 113634K, committed 113944K, reserved 1146880K
  class space    used 14845K, capacity 15822K, committed 15920K, reserved 1048576K
}
Event: 176.701 GC heap before
{Heap before GC invocations=22 (full 4):
 PSYoungGen      total 348160K, used 348142K [0x00000000d5580000, 0x00000000f5680000, 0x0000000100000000)
  eden space 306176K, 100% used [0x00000000d5580000,0x00000000e8080000,0x00000000e8080000)
  from space 41984K, 99% used [0x00000000e8080000,0x00000000ea97bbe0,0x00000000ea980000)
  to   space 72704K, 0% used [0x00000000f0f80000,0x00000000f0f80000,0x00000000f5680000)
 ParOldGen       total 333824K, used 155205K [0x0000000080000000, 0x0000000094600000, 0x00000000d5580000)
  object space 333824K, 46% used [0x0000000080000000,0x0000000089791448,0x0000000094600000)
 Metaspace       used 108902K, capacity 114278K, committed 114456K, reserved 1148928K
  class space    used 14856K, capacity 15868K, committed 15920K, reserved 1048576K
Event: 176.810 GC heap after
Heap after GC invocations=22 (full 4):
 PSYoungGen      total 441344K, used 71136K [0x00000000d5580000, 0x00000000f6e00000, 0x0000000100000000)
  eden space 368640K, 0% used [0x00000000d5580000,0x00000000d5580000,0x00000000ebd80000)
  from space 72704K, 97% used [0x00000000f0f80000,0x00000000f54f8138,0x00000000f5680000)
  to   space 83968K, 0% used [0x00000000ebd80000,0x00000000ebd80000,0x00000000f0f80000)
 ParOldGen       total 333824K, used 196677K [0x0000000080000000, 0x0000000094600000, 0x00000000d5580000)
  object space 333824K, 58% used [0x0000000080000000,0x000000008c0116e8,0x0000000094600000)
 Metaspace       used 108902K, capacity 114278K, committed 114456K, reserved 1148928K
  class space    used 14856K, capacity 15868K, committed 15920K, reserved 1048576K
}

Deoptimization events (10 events):
Event: 176.168 Thread 0x000000001d3b3800 Uncommon trap: reason=unstable_if action=reinterpret pc=0x00000000037591e8 method=com.android.tools.r8.utils.T.a(Ljava/lang/String;Lcom/android/tools/r8/naming/b;)Ljava/lang/String; @ 9
Event: 176.249 Thread 0x000000001d3b3800 Uncommon trap: reason=unstable_if action=reinterpret pc=0x00000000057021d0 method=java.util.TimSort.gallopRight(Ljava/lang/Object;[Ljava/lang/Object;IIILjava/util/Comparator;)I @ 202
Event: 176.250 Thread 0x000000001d3b3800 Uncommon trap: reason=bimorphic action=maybe_recompile pc=0x0000000005704be0 method=java.util.TimSort.gallopLeft(Ljava/lang/Object;[Ljava/lang/Object;IIILjava/util/Comparator;)I @ 77
Event: 176.250 Thread 0x000000001d3b3800 Uncommon trap: reason=bimorphic action=maybe_recompile pc=0x0000000005704be0 method=java.util.TimSort.gallopLeft(Ljava/lang/Object;[Ljava/lang/Object;IIILjava/util/Comparator;)I @ 77
Event: 176.250 Thread 0x000000001d3b3800 Uncommon trap: reason=unstable_if action=reinterpret pc=0x00000000057049dc method=java.util.TimSort.gallopLeft(Ljava/lang/Object;[Ljava/lang/Object;IIILjava/util/Comparator;)I @ 198
Event: 176.250 Thread 0x000000001d3b3800 Uncommon trap: reason=unstable_if action=reinterpret pc=0x00000000056faeec method=java.util.TimSort.mergeHi(IIII)V @ 131
Event: 176.250 Thread 0x000000001d3b3800 Uncommon trap: reason=unstable_if action=reinterpret pc=0x00000000056f8e70 method=java.util.TimSort.mergeLo(IIII)V @ 87
Event: 176.257 Thread 0x000000001d3b3800 Uncommon trap: reason=unstable_if action=reinterpret pc=0x00000000056f27ac method=java.util.TimSort.mergeCollapse()V @ 61
Event: 176.334 Thread 0x000000001d3b3800 Uncommon trap: reason=unstable_if action=reinterpret pc=0x00000000056d74cc method=com.android.tools.r8.graph.G.b()Lcom/android/tools/r8/graph/N; @ 4
Event: 176.334 Thread 0x000000001d3b3800 Uncommon trap: reason=unstable_if action=reinterpret pc=0x000000000570715c method=com.android.tools.r8.t.a.a.a.h.N.a(Ljava/lang/Object;I)I @ 72

Classes redefined (0 events):
No events

Internal exceptions (10 events):
Event: 173.173 Thread 0x000000002021c000 Exception <a 'java/lang/NoSuchMethodError': <clinit>> (0x00000000df7b2e48) thrown at [C:\src\AOSP-openjdk-git\hotspot\src\share\vm\prims\jni.cpp, line 1615]
Event: 173.174 Thread 0x000000002021c000 Exception <a 'java/lang/NoSuchMethodError': <clinit>> (0x00000000df7c6578) thrown at [C:\src\AOSP-openjdk-git\hotspot\src\share\vm\prims\jni.cpp, line 1615]
Event: 173.316 Thread 0x000000001d3a9800 Exception <a 'sun/nio/fs/WindowsException'> (0x00000000e12d9f30) thrown at [C:\src\AOSP-openjdk-git\hotspot\src\share\vm\prims\jni.cpp, line 710]
Event: 173.684 Thread 0x000000001d3b4000 Implicit null exception at 0x0000000003a7f0ef to 0x0000000003a7f1e1
Event: 173.684 Thread 0x000000001d3b2800 Implicit null exception at 0x0000000003a7f0ef to 0x0000000003a7f1e1
Event: 173.684 Thread 0x000000001d3b0800 Implicit null exception at 0x0000000003a7f0ef to 0x0000000003a7f1e1
Event: 173.684 Thread 0x000000001d3b3800 Implicit null exception at 0x0000000003a7f0ef to 0x0000000003a7f1e1
Event: 173.684 Thread 0x000000001d3ad800 Implicit null exception at 0x0000000003a7f0ef to 0x0000000003a7f1e1
Event: 174.670 Thread 0x000000001d3a9800 Implicit null exception at 0x000000000456d934 to 0x000000000456dc26
Event: 175.974 Thread 0x000000001d3b3800 Implicit null exception at 0x000000000541364f to 0x00000000054137bd

Events (10 events):
Event: 176.451 Thread 0x000000001a01b800 flushing nmethod 0x00000000056aea10
Event: 176.451 Thread 0x000000001a01b800 flushing nmethod 0x00000000056b2510
Event: 176.550 Thread 0x000000001d3b3800 DEOPT PACKING pc=0x000000000467ce06 sp=0x0000000033e3e800
Event: 176.550 Thread 0x000000001d3b3800 DEOPT UNPACKING pc=0x00000000031975d0 sp=0x0000000033e3e560 mode 0
Event: 176.656 loading class com/android/tools/r8/graph/Z0
Event: 176.656 loading class com/android/tools/r8/graph/Z0 done
Event: 176.656 loading class com/android/tools/r8/graph/Z0
Event: 176.656 loading class com/android/tools/r8/graph/Z0 done
Event: 176.700 Executing VM operation: ParallelGCFailedAllocation
Event: 176.810 Executing VM operation: ParallelGCFailedAllocation done


Dynamic libraries:
0x00007ff714ca0000 - 0x00007ff714cd1000 	C:\Program Files\Android\Android Studio\jre\bin\java.exe
0x00007ffb36c30000 - 0x00007ffb36e25000 	C:\Windows\SYSTEM32\ntdll.dll
0x00007ffb35b80000 - 0x00007ffb35c3d000 	C:\Windows\System32\KERNEL32.DLL
0x00007ffb348c0000 - 0x00007ffb34b89000 	C:\Windows\System32\KERNELBASE.dll
0x00007ffb35a00000 - 0x00007ffb35aac000 	C:\Windows\System32\ADVAPI32.dll
0x00007ffb35960000 - 0x00007ffb359fe000 	C:\Windows\System32\msvcrt.dll
0x00007ffb35c40000 - 0x00007ffb35cdc000 	C:\Windows\System32\sechost.dll
0x00007ffb369e0000 - 0x00007ffb36b0b000 	C:\Windows\System32\RPCRT4.dll
0x00007ffb366e0000 - 0x00007ffb36880000 	C:\Windows\System32\USER32.dll
0x00007ffb34890000 - 0x00007ffb348b2000 	C:\Windows\System32\win32u.dll
0x00007ffb36b10000 - 0x00007ffb36b3a000 	C:\Windows\System32\GDI32.dll
0x00007ffb34370000 - 0x00007ffb3447b000 	C:\Windows\System32\gdi32full.dll
0x00007ffb34740000 - 0x00007ffb347dd000 	C:\Windows\System32\msvcp_win.dll
0x00007ffb34b90000 - 0x00007ffb34c90000 	C:\Windows\System32\ucrtbase.dll
0x00007ffb33790000 - 0x00007ffb33a2a000 	C:\Windows\WinSxS\amd64_microsoft.windows.common-controls_6595b64144ccf1df_6.0.19041.844_none_ca00b6081b84eb1d\COMCTL32.dll
0x00007ffb36930000 - 0x00007ffb36960000 	C:\Windows\System32\IMM32.DLL
0x000000006f9a0000 - 0x000000006fa72000 	C:\Program Files\Android\Android Studio\jre\jre\bin\msvcr100.dll
0x000000006feb0000 - 0x00000000706fb000 	C:\Program Files\Android\Android Studio\jre\jre\bin\server\jvm.dll
0x00007ffb34db0000 - 0x00007ffb34db8000 	C:\Windows\System32\PSAPI.DLL
0x00007ffb325e0000 - 0x00007ffb325e9000 	C:\Windows\SYSTEM32\WSOCK32.dll
0x00007ffb190f0000 - 0x00007ffb19117000 	C:\Windows\SYSTEM32\WINMM.dll
0x00007ffb30f00000 - 0x00007ffb30f0a000 	C:\Windows\SYSTEM32\VERSION.dll
0x00007ffb35b10000 - 0x00007ffb35b7b000 	C:\Windows\System32\WS2_32.dll
0x00007ffb317d0000 - 0x00007ffb317df000 	C:\Program Files\Android\Android Studio\jre\jre\bin\verify.dll
0x00007ffb2ee60000 - 0x00007ffb2ee89000 	C:\Program Files\Android\Android Studio\jre\jre\bin\java.dll
0x00007ffb31030000 - 0x00007ffb31046000 	C:\Program Files\Android\Android Studio\jre\jre\bin\zip.dll
0x00007ffb35e50000 - 0x00007ffb36592000 	C:\Windows\System32\SHELL32.dll
0x00007ffb317e0000 - 0x00007ffb31f70000 	C:\Windows\SYSTEM32\windows.storage.dll
0x00007ffb35230000 - 0x00007ffb35585000 	C:\Windows\System32\combase.dll
0x00007ffb336f0000 - 0x00007ffb3371c000 	C:\Windows\SYSTEM32\Wldp.dll
0x00007ffb36880000 - 0x00007ffb3692e000 	C:\Windows\System32\SHCORE.dll
0x00007ffb35900000 - 0x00007ffb35955000 	C:\Windows\System32\shlwapi.dll
0x00007ffb342b0000 - 0x00007ffb342cf000 	C:\Windows\SYSTEM32\profapi.dll
0x00007ffb2ee40000 - 0x00007ffb2ee5a000 	C:\Program Files\Android\Android Studio\jre\jre\bin\net.dll
0x00007ffb333b0000 - 0x00007ffb3341a000 	C:\Windows\system32\mswsock.dll
0x00007ffb2e0a0000 - 0x00007ffb2e0b3000 	C:\Program Files\Android\Android Studio\jre\jre\bin\nio.dll
0x00007ffb07d00000 - 0x00007ffb07d27000 	C:\Users\msalah\.gradle\native\f6784746aeab05261644944871eae4fe03e0ef1612fff0a4a95f87b438bc6780\windows-amd64\native-platform.dll
0x00007ffb317c0000 - 0x00007ffb317cd000 	C:\Program Files\Android\Android Studio\jre\jre\bin\management.dll
0x00007ffb34100000 - 0x00007ffb34118000 	C:\Windows\SYSTEM32\CRYPTSP.dll
0x00007ffb32e00000 - 0x00007ffb32e34000 	C:\Windows\system32\rsaenh.dll
0x00007ffb34710000 - 0x00007ffb34737000 	C:\Windows\System32\bcrypt.dll
0x00007ffb34270000 - 0x00007ffb3429e000 	C:\Windows\SYSTEM32\USERENV.dll
0x00007ffb34480000 - 0x00007ffb34500000 	C:\Windows\System32\bcryptprimitives.dll
0x00007ffb33530000 - 0x00007ffb3353c000 	C:\Windows\SYSTEM32\CRYPTBASE.dll
0x00007ffb33130000 - 0x00007ffb3316b000 	C:\Windows\SYSTEM32\IPHLPAPI.DLL
0x00007ffb366d0000 - 0x00007ffb366d8000 	C:\Windows\System32\NSI.dll
0x00007ffb2b820000 - 0x00007ffb2b837000 	C:\Windows\SYSTEM32\dhcpcsvc6.DLL
0x00007ffb2c820000 - 0x00007ffb2c83d000 	C:\Windows\SYSTEM32\dhcpcsvc.DLL
0x00007ffb33170000 - 0x00007ffb3323b000 	C:\Windows\SYSTEM32\DNSAPI.dll
0x00007ffb2cab0000 - 0x00007ffb2cabb000 	C:\Windows\SYSTEM32\WINNSI.DLL
0x00007ffb18fd0000 - 0x00007ffb18fee000 	C:\Users\msalah\AppData\Local\Temp\native-platform3372668418018788191dir\native-platform.dll
0x00007ffb146c0000 - 0x00007ffb146de000 	C:\Users\msalah\AppData\Local\Temp\native-platform6124892913623790115dir\native-platform.dll
0x00007ffb33c00000 - 0x00007ffb33de4000 	C:\Windows\SYSTEM32\dbghelp.dll

VM Arguments:
jvm_args: -Xmx2048m -Dfile.encoding=UTF-8 -Duser.country=US -Duser.language=en -Duser.variant 
java_command: org.gradle.launcher.daemon.bootstrap.GradleDaemon 6.5
java_class_path (initial): C:\Users\msalah\.gradle\wrapper\dists\gradle-6.5-bin\6nifqtx7604sqp1q6g8wikw7p\gradle-6.5\lib\gradle-launcher-6.5.jar
Launcher Type: SUN_STANDARD

Environment Variables:
JAVA_HOME=C:\Program Files\Java\jdk1.8.0_112
PATH=C:\Program Files\Java\jdk1.8.0_112\bin;C:\Devolpement Tools\groovy-2.5.14\groovy-2.5.14\bin;C:\Devolpement Tools\gradle-6.8.2\bin;C:\ProgramData\Oracle\Java\javapath;C:\Windows\system32;C:\Windows;C:\Windows\System32\Wbem;C:\Windows\System32\WindowsPowerShell\v1.0\;C:\Windows\System32\OpenSSH\;C:\Program Files\Git\cmd;C:\Users\msalah\AppData\Local\Microsoft\WindowsApps;;C:\Devolpement Tools\Microsoft VS Code\bin;C:\Program Files\JetBrains\IntelliJ IDEA Educational Edition 2020.3\bin;
USERNAME=msalah
OS=Windows_NT
PROCESSOR_IDENTIFIER=Intel64 Family 6 Model 142 Stepping 11, GenuineIntel



---------------  S Y S T E M  ---------------

OS: Windows 10.0 , 64 bit Build 19041 (10.0.19041.804)

CPU:total 8 (initial active 8) (4 cores per cpu, 2 threads per core) family 6 model 142 stepping 11, cmov, cx8, fxsr, mmx, sse, sse2, sse3, ssse3, sse4.1, sse4.2, popcnt, avx, avx2, aes, clmul, erms, 3dnowpref, lzcnt, ht, tsc, tscinvbit, bmi1, bmi2, adx

Memory: 4k page, physical 16660740k(5840996k free), swap 19151108k(4568072k free)

vm_info: OpenJDK 64-Bit Server VM (25.242-b01) for windows-amd64 JRE (1.8.0_242-release-1644-b01), built by "builder" with MS VC++ 10.0 (VS2010)

time: Mon Mar 22 17:54:33 2021
timezone: Egypt Standard Time
elapsed time: 176 seconds (0d 0h 2m 56s)

