#
# A fatal error has been detected by the Java Runtime Environment:
#
#  EXCEPTION_ACCESS_VIOLATION (0xc0000005) at pc=0x000000007037c9b6, pid=2092, tid=0x00000000000037fc
#
# JRE version: OpenJDK Runtime Environment (8.0_242-b01) (build 1.8.0_242-release-1644-b01)
# Java VM: OpenJDK 64-Bit Server VM (25.242-b01 mixed mode windows-amd64 compressed oops)
# Problematic frame:
# V  [jvm.dll+0x4cc9b6]
#
# Failed to write core dump. Minidumps are not enabled by default on client versions of Windows
#
# If you would like to submit a bug report, please visit:
#   
#

---------------  T H R E A D  ---------------

Current thread (0x0000000017aa9000):  JavaThread "C2 CompilerThread2" daemon [_thread_in_native, id=14332, stack(0x000000001a380000,0x000000001a480000)]

siginfo: ExceptionCode=0xc0000005, reading address 0x0000000000000028

Registers:
RAX=0x0000000000000000, RBX=0x000000001b145760, RCX=0x000000001ba966f0, RDX=0x0000000000000003
RSP=0x000000001a47c510, RBP=0x000000001a47ed00, RSI=0x0000000000000001, RDI=0x000000001ba966f0
R8 =0x000000001bb63168, R9 =0x000000001ba966f0, R10=0x000000001bb05270, R11=0x0000000000000000
R12=0x0000000019be4150, R13=0x000000001a47ed00, R14=0x000000001b1453f0, R15=0x000000001b145760
RIP=0x000000007037c9b6, EFLAGS=0x0000000000010246

Top of Stack: (sp=0x000000001a47c510)
0x000000001a47c510:   0000000000000001 000000001b145760
0x000000001a47c520:   00000000000000ca 000000006ff1fe8b
0x000000001a47c530:   0000000000000000 000000001719ae70
0x000000001a47c540:   000000001a8025c0 000000006ff1fcf6
0x000000001a47c550:   0000000000000000 0000000000000000
0x000000001a47c560:   0000000017aab040 0000000000000001
0x000000001a47c570:   0000000000000008 000000001bb63168
0x000000001a47c580:   0000000000000003 000000007037d2b9
0x000000001a47c590:   000000001a47ed00 0000000000000001
0x000000001a47c5a0:   000000001bb63168 000000001ba966f0
0x000000001a47c5b0:   000000001b145760 000000001b1453f0
0x000000001a47c5c0:   0000000000000000 00000000000009aa
0x000000001a47c5d0:   0000000000000000 0000000000000000
0x000000001a47c5e0:   0000000000000000 0000000400000000
0x000000001a47c5f0:   0000000019be4150 0000000000000004
0x000000001a47c600:   000000001b145720 0000000019be4150 

Instructions: (pc=0x000000007037c9b6)
0x000000007037c996:   3b c2 74 11 4c 3b 89 00 02 00 00 0f 84 7d 06 00
0x000000007037c9a6:   00 ff c8 89 03 49 8b 01 49 8b c9 48 89 74 24 58
0x000000007037c9b6:   ff 50 28 80 7f 2c 84 48 8b f0 0f 85 9f 01 00 00
0x000000007037c9c6:   48 8b ac 24 a8 00 00 00 33 ff 8b cf 39 4d 00 7e 


Register to memory mapping:

RAX=0x0000000000000000 is an unknown value
RBX=0x000000001b145760 is an unknown value
RCX=0x000000001ba966f0 is an unknown value
RDX=0x0000000000000003 is an unknown value
RSP=0x000000001a47c510 is pointing into the stack for thread: 0x0000000017aa9000
RBP=0x000000001a47ed00 is pointing into the stack for thread: 0x0000000017aa9000
RSI=0x0000000000000001 is an unknown value
RDI=0x000000001ba966f0 is an unknown value
R8 =0x000000001bb63168 is an unknown value
R9 =0x000000001ba966f0 is an unknown value
R10=0x000000001bb05270 is an unknown value
R11=0x0000000000000000 is an unknown value
R12=0x0000000019be4150 is an unknown value
R13=0x000000001a47ed00 is pointing into the stack for thread: 0x0000000017aa9000
R14=0x000000001b1453f0 is an unknown value
R15=0x000000001b145760 is an unknown value


Stack: [0x000000001a380000,0x000000001a480000],  sp=0x000000001a47c510,  free space=1009k
Native frames: (J=compiled Java code, j=interpreted, Vv=VM code, C=native code)
V  [jvm.dll+0x4cc9b6]
V  [jvm.dll+0x4cd2b9]
V  [jvm.dll+0x4ce037]
V  [jvm.dll+0x4cf3ea]
V  [jvm.dll+0x4457e2]
V  [jvm.dll+0x447fa8]
V  [jvm.dll+0x42b072]
V  [jvm.dll+0x8230f]
V  [jvm.dll+0x82c7f]
V  [jvm.dll+0x220b7f]
V  [jvm.dll+0x27276a]
C  [msvcr100.dll+0x21d9f]
C  [msvcr100.dll+0x21e3b]
C  [KERNEL32.DLL+0x17034]
C  [ntdll.dll+0x52651]


Current CompileTask:
C2:   1622 1437   !   4       sun.misc.URLClassPath$JarLoader::getResource (353 bytes)


---------------  P R O C E S S  ---------------

Java Threads: ( => current thread )
  0x000000001c467000 JavaThread "Thread-9" [_thread_blocked, id=15488, stack(0x000000001e2a0000,0x000000001e3a0000)]
  0x000000001c466000 JavaThread "Stdin handler" [_thread_blocked, id=12460, stack(0x000000001e1a0000,0x000000001e2a0000)]
  0x000000001c463000 JavaThread "Asynchronous log dispatcher for DefaultDaemonConnection: socket connection from /127.0.0.1:14308 to /127.0.0.1:14309" [_thread_blocked, id=4564, stack(0x000000001e0a0000,0x000000001e1a0000)]
  0x000000001c440000 JavaThread "Daemon worker" [_thread_in_vm, id=1412, stack(0x000000001dfa0000,0x000000001e0a0000)]
  0x000000001c43f000 JavaThread "Cancel handler" [_thread_blocked, id=16896, stack(0x000000001dea0000,0x000000001dfa0000)]
  0x000000001c3fa000 JavaThread "Handler for socket connection from /127.0.0.1:14308 to /127.0.0.1:14309" [_thread_in_native, id=16996, stack(0x000000001dda0000,0x000000001dea0000)]
  0x000000001c3a2800 JavaThread "Daemon" [_thread_blocked, id=19296, stack(0x000000001dca0000,0x000000001dda0000)]
  0x000000001c3f4800 JavaThread "Daemon periodic checks" [_thread_blocked, id=18780, stack(0x000000001d9a0000,0x000000001daa0000)]
  0x000000001c382000 JavaThread "Incoming local TCP Connector on port 14308" [_thread_in_native, id=9860, stack(0x000000001d760000,0x000000001d860000)]
  0x000000001c107800 JavaThread "Daemon health stats" [_thread_blocked, id=18120, stack(0x000000001d120000,0x000000001d220000)]
  0x000000001998b800 JavaThread "Service Thread" daemon [_thread_blocked, id=14784, stack(0x000000001a580000,0x000000001a680000)]
  0x0000000019904000 JavaThread "C1 CompilerThread3" daemon [_thread_blocked, id=15980, stack(0x000000001a480000,0x000000001a580000)]
=>0x0000000017aa9000 JavaThread "C2 CompilerThread2" daemon [_thread_in_native, id=14332, stack(0x000000001a380000,0x000000001a480000)]
  0x00000000198bd800 JavaThread "C2 CompilerThread1" daemon [_thread_blocked, id=16576, stack(0x000000001a280000,0x000000001a380000)]
  0x00000000198b9800 JavaThread "C2 CompilerThread0" daemon [_thread_blocked, id=18956, stack(0x000000001a180000,0x000000001a280000)]
  0x0000000019901000 JavaThread "Attach Listener" daemon [_thread_blocked, id=4340, stack(0x000000001a080000,0x000000001a180000)]
  0x0000000019900800 JavaThread "Signal Dispatcher" daemon [_thread_blocked, id=16032, stack(0x0000000019f80000,0x000000001a080000)]
  0x0000000002a2e000 JavaThread "Finalizer" daemon [_thread_blocked, id=11412, stack(0x0000000019d80000,0x0000000019e80000)]
  0x0000000002a27800 JavaThread "Reference Handler" daemon [_thread_blocked, id=16300, stack(0x0000000019c80000,0x0000000019d80000)]
  0x0000000000efe000 JavaThread "main" [_thread_blocked, id=2956, stack(0x0000000002780000,0x0000000002880000)]

Other Threads:
  0x0000000017a96800 VMThread [stack: 0x0000000019780000,0x0000000019880000] [id=18320]
  0x000000001998c800 WatcherThread [stack: 0x000000001a680000,0x000000001a780000] [id=19008]

VM state:not at safepoint (normal execution)

VM Mutex/Monitor currently owned by a thread: None

heap address: 0x0000000080000000, size: 2048 MB, Compressed Oops mode: 32-bit
Narrow klass base: 0x0000000000000000, Narrow klass shift: 3
Compressed class space size: 1073741824 Address: 0x0000000100000000

Heap:
 PSYoungGen      total 76288K, used 64748K [0x00000000d5580000, 0x00000000daa80000, 0x0000000100000000)
  eden space 65536K, 90% used [0x00000000d5580000,0x00000000d8f2afb8,0x00000000d9580000)
  from space 10752K, 52% used [0x00000000d9580000,0x00000000d9b10120,0x00000000da000000)
  to   space 10752K, 0% used [0x00000000da000000,0x00000000da000000,0x00000000daa80000)
 ParOldGen       total 175104K, used 16K [0x0000000080000000, 0x000000008ab00000, 0x00000000d5580000)
  object space 175104K, 0% used [0x0000000080000000,0x0000000080004000,0x000000008ab00000)
 Metaspace       used 13431K, capacity 13864K, committed 14080K, reserved 1060864K
  class space    used 1841K, capacity 1980K, committed 2048K, reserved 1048576K

Card table byte_map: [0x0000000011df0000,0x0000000012200000] byte_map_base: 0x00000000119f0000

Marking Bits: (ParMarkBitMap*) 0x000000007067f030
 Begin Bits: [0x0000000012cb0000, 0x0000000014cb0000)
 End Bits:   [0x0000000014cb0000, 0x0000000016cb0000)

Polling page: 0x0000000000fa0000

CodeCache: size=245760Kb used=5086Kb max_used=5105Kb free=240673Kb
 bounds [0x0000000002a30000, 0x0000000002f40000, 0x0000000011a30000]
 total_blobs=1818 nmethods=1439 adapters=290
 compilation: enabled

Compilation events (10 events):
Event: 1.568 Thread 0x0000000019904000 1436       3       java.util.LinkedList$ListItr::<init> (47 bytes)
Event: 1.568 Thread 0x0000000019904000 nmethod 1436 0x0000000002f1a190 code [0x0000000002f1a300, 0x0000000002f1a5c8]
Event: 1.571 Thread 0x0000000017aa9000 1437   !   4       sun.misc.URLClassPath$JarLoader::getResource (353 bytes)
Event: 1.572 Thread 0x0000000019904000 1438       3       java.util.AbstractSequentialList::iterator (5 bytes)
Event: 1.573 Thread 0x0000000019904000 nmethod 1438 0x0000000002f1a6d0 code [0x0000000002f1a840, 0x0000000002f1ab28]
Event: 1.585 Thread 0x00000000198b9800 1439       4       java.lang.String::regionMatches (149 bytes)
Event: 1.592 Thread 0x0000000019904000 1441       3       java.lang.invoke.MemberName::<init> (47 bytes)
Event: 1.592 Thread 0x0000000019904000 nmethod 1441 0x0000000002f1e010 code [0x0000000002f1e1c0, 0x0000000002f1e598]
Event: 1.592 Thread 0x00000000198b9800 nmethod 1439 0x0000000002f1e710 code [0x0000000002f1e880, 0x0000000002f1f058]
Event: 1.592 Thread 0x00000000198b9800 1440       4       sun.misc.JarIndex::get (49 bytes)

GC Heap History (2 events):
Event: 0.835 GC heap before
{Heap before GC invocations=1 (full 0):
 PSYoungGen      total 76288K, used 65536K [0x00000000d5580000, 0x00000000daa80000, 0x0000000100000000)
  eden space 65536K, 100% used [0x00000000d5580000,0x00000000d9580000,0x00000000d9580000)
  from space 10752K, 0% used [0x00000000da000000,0x00000000da000000,0x00000000daa80000)
  to   space 10752K, 0% used [0x00000000d9580000,0x00000000d9580000,0x00000000da000000)
 ParOldGen       total 175104K, used 0K [0x0000000080000000, 0x000000008ab00000, 0x00000000d5580000)
  object space 175104K, 0% used [0x0000000080000000,0x0000000080000000,0x000000008ab00000)
 Metaspace       used 7468K, capacity 7678K, committed 7936K, reserved 1056768K
  class space    used 911K, capacity 1005K, committed 1024K, reserved 1048576K
Event: 0.840 GC heap after
Heap after GC invocations=1 (full 0):
 PSYoungGen      total 76288K, used 5696K [0x00000000d5580000, 0x00000000daa80000, 0x0000000100000000)
  eden space 65536K, 0% used [0x00000000d5580000,0x00000000d5580000,0x00000000d9580000)
  from space 10752K, 52% used [0x00000000d9580000,0x00000000d9b10120,0x00000000da000000)
  to   space 10752K, 0% used [0x00000000da000000,0x00000000da000000,0x00000000daa80000)
 ParOldGen       total 175104K, used 16K [0x0000000080000000, 0x000000008ab00000, 0x00000000d5580000)
  object space 175104K, 0% used [0x0000000080000000,0x0000000080004000,0x000000008ab00000)
 Metaspace       used 7468K, capacity 7678K, committed 7936K, reserved 1056768K
  class space    used 911K, capacity 1005K, committed 1024K, reserved 1048576K
}

Deoptimization events (10 events):
Event: 0.678 Thread 0x0000000000efe000 Uncommon trap: reason=unstable_if action=reinterpret pc=0x0000000002c66af4 method=java.lang.String.lastIndexOf([CII[CIII)I @ 66
Event: 0.791 Thread 0x0000000000efe000 Uncommon trap: reason=null_assert action=make_not_entrant pc=0x0000000002d0a63c method=java.util.zip.ZipEntry.<init>(Ljava/util/zip/ZipEntry;)V @ 70
Event: 0.841 Thread 0x0000000000efe000 Uncommon trap: reason=class_check action=maybe_recompile pc=0x0000000002cff6c0 method=java.util.HashMap.putVal(ILjava/lang/Object;Ljava/lang/Object;ZZ)Ljava/lang/Object; @ 203
Event: 0.916 Thread 0x0000000000efe000 Uncommon trap: reason=class_check action=maybe_recompile pc=0x0000000002d50218 method=java.util.regex.Matcher.match(II)Z @ 86
Event: 1.184 Thread 0x0000000000efe000 Uncommon trap: reason=unstable_if action=reinterpret pc=0x0000000002dc774c method=java.io.WinNTFileSystem.normalize(Ljava/lang/String;II)Ljava/lang/String; @ 90
Event: 1.472 Thread 0x000000001c3fa000 Uncommon trap: reason=unstable_if action=reinterpret pc=0x0000000002e3f068 method=java.util.concurrent.ConcurrentHashMap.putVal(Ljava/lang/Object;Ljava/lang/Object;Z)Ljava/lang/Object; @ 206
Event: 1.503 Thread 0x000000001c440000 Uncommon trap: reason=bimorphic action=maybe_recompile pc=0x0000000002cfed14 method=java.util.HashMap.putVal(ILjava/lang/Object;Ljava/lang/Object;ZZ)Ljava/lang/Object; @ 253
Event: 1.503 Thread 0x000000001c440000 Uncommon trap: reason=bimorphic action=maybe_recompile pc=0x0000000002cfed14 method=java.util.HashMap.putVal(ILjava/lang/Object;Ljava/lang/Object;ZZ)Ljava/lang/Object; @ 253
Event: 1.503 Thread 0x000000001c440000 Uncommon trap: reason=bimorphic action=maybe_recompile pc=0x0000000002cfed14 method=java.util.HashMap.putVal(ILjava/lang/Object;Ljava/lang/Object;ZZ)Ljava/lang/Object; @ 253
Event: 1.503 Thread 0x000000001c440000 Uncommon trap: reason=bimorphic action=maybe_recompile pc=0x0000000002cfed14 method=java.util.HashMap.putVal(ILjava/lang/Object;Ljava/lang/Object;ZZ)Ljava/lang/Object; @ 253

Classes redefined (0 events):
No events

Internal exceptions (10 events):
Event: 0.447 Thread 0x0000000000efe000 Exception <a 'java/lang/ArrayIndexOutOfBoundsException'> (0x00000000d6c25e48) thrown at [C:\src\AOSP-openjdk-git\hotspot\src\share\vm\runtime\sharedRuntime.cpp, line 605]
Event: 0.447 Thread 0x0000000000efe000 Exception <a 'java/lang/ArrayIndexOutOfBoundsException'> (0x00000000d6c2a880) thrown at [C:\src\AOSP-openjdk-git\hotspot\src\share\vm\runtime\sharedRuntime.cpp, line 605]
Event: 1.451 Thread 0x0000000000efe000 Exception <a 'java/io/IOException'> (0x00000000d757d060) thrown at [C:\src\AOSP-openjdk-git\hotspot\src\share\vm\prims\jni.cpp, line 710]
Event: 1.472 Thread 0x000000001c3fa000 Exception <a 'java/lang/NoSuchMethodError': <clinit>> (0x00000000d78d45b8) thrown at [C:\src\AOSP-openjdk-git\hotspot\src\share\vm\prims\jni.cpp, line 1615]
Event: 1.473 Thread 0x000000001c3fa000 Exception <a 'java/lang/NoSuchMethodError': <clinit>> (0x00000000d78ddcc0) thrown at [C:\src\AOSP-openjdk-git\hotspot\src\share\vm\prims\jni.cpp, line 1615]
Event: 1.474 Thread 0x000000001c3fa000 Exception <a 'java/lang/NoSuchMethodError': <clinit>> (0x00000000d78f22c0) thrown at [C:\src\AOSP-openjdk-git\hotspot\src\share\vm\prims\jni.cpp, line 1615]
Event: 1.480 Thread 0x000000001c3fa000 Exception <a 'java/lang/NoSuchMethodError': <clinit>> (0x00000000d795f350) thrown at [C:\src\AOSP-openjdk-git\hotspot\src\share\vm\prims\jni.cpp, line 1615]
Event: 1.483 Thread 0x000000001c3fa000 Exception <a 'java/lang/NoSuchMethodError': <clinit>> (0x00000000d7999868) thrown at [C:\src\AOSP-openjdk-git\hotspot\src\share\vm\prims\jni.cpp, line 1615]
Event: 1.485 Thread 0x000000001c3fa000 Exception <a 'java/lang/NoSuchMethodError': <clinit>> (0x00000000d79cf090) thrown at [C:\src\AOSP-openjdk-git\hotspot\src\share\vm\prims\jni.cpp, line 1615]
Event: 1.486 Thread 0x000000001c3fa000 Exception <a 'java/lang/NoSuchMethodError': <clinit>> (0x00000000d79db660) thrown at [C:\src\AOSP-openjdk-git\hotspot\src\share\vm\prims\jni.cpp, line 1615]

Events (10 events):
Event: 1.599 loading class org/gradle/plugins/ide/internal/IdeArtifactStore
Event: 1.599 loading class org/gradle/plugins/ide/internal/IdeArtifactStore done
Event: 1.599 loading class com/google/common/collect/ListMultimap
Event: 1.599 loading class com/google/common/collect/ListMultimap done
Event: 1.599 loading class org/gradle/instantexecution/BuildTreeListenerManager
Event: 1.599 loading class org/gradle/instantexecution/BuildTreeListenerManager done
Event: 1.600 loading class org/gradle/instantexecution/initialization/InstantExecutionStartParameter
Event: 1.600 loading class org/gradle/instantexecution/initialization/InstantExecutionStartParameter done
Event: 1.600 loading class org/gradle/internal/classpath/BuildLogicTransformStrategy
Event: 1.600 loading class org/gradle/internal/classpath/BuildLogicTransformStrategy done


Dynamic libraries:
0x00007ff714ca0000 - 0x00007ff714cd1000 	C:\Program Files\Android\Android Studio\jre\bin\java.exe
0x00007ffb36c30000 - 0x00007ffb36e25000 	C:\Windows\SYSTEM32\ntdll.dll
0x00007ffb35b80000 - 0x00007ffb35c3d000 	C:\Windows\System32\KERNEL32.DLL
0x00007ffb348c0000 - 0x00007ffb34b89000 	C:\Windows\System32\KERNELBASE.dll
0x00007ffb35a00000 - 0x00007ffb35aac000 	C:\Windows\System32\ADVAPI32.dll
0x00007ffb35960000 - 0x00007ffb359fe000 	C:\Windows\System32\msvcrt.dll
0x00007ffb35c40000 - 0x00007ffb35cdc000 	C:\Windows\System32\sechost.dll
0x00007ffb369e0000 - 0x00007ffb36b0b000 	C:\Windows\System32\RPCRT4.dll
0x00007ffb366e0000 - 0x00007ffb36880000 	C:\Windows\System32\USER32.dll
0x00007ffb34890000 - 0x00007ffb348b2000 	C:\Windows\System32\win32u.dll
0x00007ffb36b10000 - 0x00007ffb36b3a000 	C:\Windows\System32\GDI32.dll
0x00007ffb34370000 - 0x00007ffb3447b000 	C:\Windows\System32\gdi32full.dll
0x00007ffb34740000 - 0x00007ffb347dd000 	C:\Windows\System32\msvcp_win.dll
0x00007ffb34b90000 - 0x00007ffb34c90000 	C:\Windows\System32\ucrtbase.dll
0x00007ffb33790000 - 0x00007ffb33a2a000 	C:\Windows\WinSxS\amd64_microsoft.windows.common-controls_6595b64144ccf1df_6.0.19041.844_none_ca00b6081b84eb1d\COMCTL32.dll
0x00007ffb36930000 - 0x00007ffb36960000 	C:\Windows\System32\IMM32.DLL
0x000000006f9a0000 - 0x000000006fa72000 	C:\Program Files\Android\Android Studio\jre\jre\bin\msvcr100.dll
0x000000006feb0000 - 0x00000000706fb000 	C:\Program Files\Android\Android Studio\jre\jre\bin\server\jvm.dll
0x00007ffb34db0000 - 0x00007ffb34db8000 	C:\Windows\System32\PSAPI.DLL
0x00007ffb190f0000 - 0x00007ffb19117000 	C:\Windows\SYSTEM32\WINMM.dll
0x00007ffb325e0000 - 0x00007ffb325e9000 	C:\Windows\SYSTEM32\WSOCK32.dll
0x00007ffb30f00000 - 0x00007ffb30f0a000 	C:\Windows\SYSTEM32\VERSION.dll
0x00007ffb35b10000 - 0x00007ffb35b7b000 	C:\Windows\System32\WS2_32.dll
0x00007ffb317d0000 - 0x00007ffb317df000 	C:\Program Files\Android\Android Studio\jre\jre\bin\verify.dll
0x00007ffb2ee60000 - 0x00007ffb2ee89000 	C:\Program Files\Android\Android Studio\jre\jre\bin\java.dll
0x00007ffb31030000 - 0x00007ffb31046000 	C:\Program Files\Android\Android Studio\jre\jre\bin\zip.dll
0x00007ffb35e50000 - 0x00007ffb36592000 	C:\Windows\System32\SHELL32.dll
0x00007ffb317e0000 - 0x00007ffb31f70000 	C:\Windows\SYSTEM32\windows.storage.dll
0x00007ffb35230000 - 0x00007ffb35585000 	C:\Windows\System32\combase.dll
0x00007ffb336f0000 - 0x00007ffb3371c000 	C:\Windows\SYSTEM32\Wldp.dll
0x00007ffb36880000 - 0x00007ffb3692e000 	C:\Windows\System32\SHCORE.dll
0x00007ffb35900000 - 0x00007ffb35955000 	C:\Windows\System32\shlwapi.dll
0x00007ffb342b0000 - 0x00007ffb342cf000 	C:\Windows\SYSTEM32\profapi.dll
0x00007ffb2ee40000 - 0x00007ffb2ee5a000 	C:\Program Files\Android\Android Studio\jre\jre\bin\net.dll
0x00007ffb333b0000 - 0x00007ffb3341a000 	C:\Windows\system32\mswsock.dll
0x00007ffb2e0a0000 - 0x00007ffb2e0b3000 	C:\Program Files\Android\Android Studio\jre\jre\bin\nio.dll
0x00007ffb07d00000 - 0x00007ffb07d27000 	C:\Users\msalah\.gradle\native\f6784746aeab05261644944871eae4fe03e0ef1612fff0a4a95f87b438bc6780\windows-amd64\native-platform.dll
0x00007ffb317c0000 - 0x00007ffb317cd000 	C:\Program Files\Android\Android Studio\jre\jre\bin\management.dll
0x00007ffb34100000 - 0x00007ffb34118000 	C:\Windows\SYSTEM32\CRYPTSP.dll
0x00007ffb32e00000 - 0x00007ffb32e34000 	C:\Windows\system32\rsaenh.dll
0x00007ffb34710000 - 0x00007ffb34737000 	C:\Windows\System32\bcrypt.dll
0x00007ffb34270000 - 0x00007ffb3429e000 	C:\Windows\SYSTEM32\USERENV.dll
0x00007ffb34480000 - 0x00007ffb34500000 	C:\Windows\System32\bcryptprimitives.dll
0x00007ffb33530000 - 0x00007ffb3353c000 	C:\Windows\SYSTEM32\CRYPTBASE.dll
0x00007ffb33130000 - 0x00007ffb3316b000 	C:\Windows\SYSTEM32\IPHLPAPI.DLL
0x00007ffb366d0000 - 0x00007ffb366d8000 	C:\Windows\System32\NSI.dll
0x00007ffb2b820000 - 0x00007ffb2b837000 	C:\Windows\SYSTEM32\dhcpcsvc6.DLL
0x00007ffb2c820000 - 0x00007ffb2c83d000 	C:\Windows\SYSTEM32\dhcpcsvc.DLL
0x00007ffb33170000 - 0x00007ffb3323b000 	C:\Windows\SYSTEM32\DNSAPI.dll
0x00007ffb2cab0000 - 0x00007ffb2cabb000 	C:\Windows\SYSTEM32\WINNSI.DLL
0x00007ffb33c00000 - 0x00007ffb33de4000 	C:\Windows\SYSTEM32\dbghelp.dll

VM Arguments:
jvm_args: -Xmx2048m -Dfile.encoding=UTF-8 -Duser.country=US -Duser.language=en -Duser.variant 
java_command: org.gradle.launcher.daemon.bootstrap.GradleDaemon 6.5
java_class_path (initial): C:\Users\msalah\.gradle\wrapper\dists\gradle-6.5-bin\6nifqtx7604sqp1q6g8wikw7p\gradle-6.5\lib\gradle-launcher-6.5.jar
Launcher Type: SUN_STANDARD

Environment Variables:
JAVA_HOME=C:\Program Files\Java\jdk1.8.0_112
PATH=C:\Program Files\Java\jdk1.8.0_112\bin;C:\Devolpement Tools\groovy-2.5.14\groovy-2.5.14\bin;C:\Devolpement Tools\gradle-6.8.2\bin;C:\ProgramData\Oracle\Java\javapath;C:\Windows\system32;C:\Windows;C:\Windows\System32\Wbem;C:\Windows\System32\WindowsPowerShell\v1.0\;C:\Windows\System32\OpenSSH\;C:\Program Files\Git\cmd;C:\Users\msalah\AppData\Local\Microsoft\WindowsApps;;C:\Devolpement Tools\Microsoft VS Code\bin;C:\Program Files\JetBrains\IntelliJ IDEA Educational Edition 2020.3\bin;
USERNAME=msalah
OS=Windows_NT
PROCESSOR_IDENTIFIER=Intel64 Family 6 Model 142 Stepping 11, GenuineIntel



---------------  S Y S T E M  ---------------

OS: Windows 10.0 , 64 bit Build 19041 (10.0.19041.804)

CPU:total 8 (initial active 8) (4 cores per cpu, 2 threads per core) family 6 model 142 stepping 11, cmov, cx8, fxsr, mmx, sse, sse2, sse3, ssse3, sse4.1, sse4.2, popcnt, avx, avx2, aes, clmul, erms, 3dnowpref, lzcnt, ht, tsc, tscinvbit, bmi1, bmi2, adx

Memory: 4k page, physical 16660740k(6625660k free), swap 19151108k(5431680k free)

vm_info: OpenJDK 64-Bit Server VM (25.242-b01) for windows-amd64 JRE (1.8.0_242-release-1644-b01), built by "builder" with MS VC++ 10.0 (VS2010)

time: Mon Mar 22 17:56:33 2021
timezone: Egypt Standard Time
elapsed time: 1 seconds (0d 0h 0m 1s)

