#
# A fatal error has been detected by the Java Runtime Environment:
#
#  EXCEPTION_ACCESS_VIOLATION (0xc0000005) at pc=0x00000000703431f9, pid=15736, tid=0x0000000000004f54
#
# JRE version: OpenJDK Runtime Environment (8.0_242-b01) (build 1.8.0_242-release-1644-b01)
# Java VM: OpenJDK 64-Bit Server VM (25.242-b01 mixed mode windows-amd64 compressed oops)
# Problematic frame:
# V  [jvm.dll+0x4931f9]
#
# Failed to write core dump. Minidumps are not enabled by default on client versions of Windows
#
# If you would like to submit a bug report, please visit:
#   
#

---------------  T H R E A D  ---------------

Current thread (0x0000000019b89800):  JavaThread "C2 CompilerThread0" daemon [_thread_in_native, id=20308, stack(0x000000001a450000,0x000000001a550000)]

siginfo: ExceptionCode=0xc0000005, reading address 0x0000010000000090

Registers:
RAX=0x0000010000000090, RBX=0x00000000209f99a0, RCX=0x0000000000000000, RDX=0x0000000000000a37
RSP=0x000000001a54b8d0, RBP=0x000000001a54b910, RSI=0x00000000209faa90, RDI=0x00000000209f9f68
R8 =0x0000000019dc4bb0, R9 =0x0000000000000000, R10=0x00000000216075b0, R11=0x0000000023d2ddb0
R12=0x00000000200a3850, R13=0x00000000209f9f68, R14=0x000000001a54be80, R15=0x000000002176ae60
RIP=0x00000000703431f9, EFLAGS=0x0000000000010246

Top of Stack: (sp=0x000000001a54b8d0)
0x000000001a54b8d0:   000000001a54b910 00000000209f99a0
0x000000001a54b8e0:   00000000209faa90 0000000000000000
0x000000001a54b8f0:   0000000017d665c0 0000000000002000
0x000000001a54b900:   0000000023d1ddb0 0000000000000a37
0x000000001a54b910:   000000001a54ba48 000000001a54ba28
0x000000001a54b920:   0000000000000001 000000001a54be80
0x000000001a54b930:   000000001f087ba0 00000000703433d3
0x000000001a54b940:   000000001f088650 000000001f087ba0
0x000000001a54b950:   0000000000000ff6 000000002176ae60
0x000000001a54b960:   000000001f087ba0 000000001a54ba98
0x000000001a54b970:   0000000000000018 0000000070344c79
0x000000001a54b980:   000000001f088650 0000000000000ff6
0x000000001a54b990:   0000000000000004 0000000000000160
0x000000001a54b9a0:   000000001a54c858 00000000703782a0
0x000000001a54b9b0:   000000001edd8010 0000000017d665c0
0x000000001a54b9c0:   00000000201937a0 000000001a54baf0 

Instructions: (pc=0x00000000703431f9)
0x00000000703431d9:   45 33 c9 41 f6 c1 01 74 13 49 8b d0 49 8b ce e8
0x00000000703431e9:   d3 c2 ff ff 8b 55 f8 48 8b d8 eb 07 49 8b 40 08
0x00000000703431f9:   48 8b 18 48 85 db 74 56 48 83 7b 10 00 74 4f 4c
0x0000000070343209:   8b c3 49 8b d7 49 8b ce e8 1a ba ff ff 84 c0 74 


Register to memory mapping:

RAX=0x0000010000000090 is an unknown value
RBX=0x00000000209f99a0 is an unknown value
RCX=0x0000000000000000 is an unknown value
RDX=0x0000000000000a37 is an unknown value
RSP=0x000000001a54b8d0 is pointing into the stack for thread: 0x0000000019b89800
RBP=0x000000001a54b910 is pointing into the stack for thread: 0x0000000019b89800
RSI=0x00000000209faa90 is an unknown value
RDI=0x00000000209f9f68 is an unknown value
R8 =0x0000000019dc4bb0 is an unknown value
R9 =0x0000000000000000 is an unknown value
R10=0x00000000216075b0 is an unknown value
R11=0x0000000023d2ddb0 is an unknown value
R12=0x00000000200a3850 is an unknown value
R13=0x00000000209f9f68 is an unknown value
R14=0x000000001a54be80 is pointing into the stack for thread: 0x0000000019b89800
R15=0x000000002176ae60 is an unknown value


Stack: [0x000000001a450000,0x000000001a550000],  sp=0x000000001a54b8d0,  free space=1006k
Native frames: (J=compiled Java code, j=interpreted, Vv=VM code, C=native code)
V  [jvm.dll+0x4931f9]
V  [jvm.dll+0x4933d3]
V  [jvm.dll+0x494c79]
V  [jvm.dll+0x496a23]
V  [jvm.dll+0x4470f0]
V  [jvm.dll+0x447f14]
V  [jvm.dll+0x42b072]
V  [jvm.dll+0x8230f]
V  [jvm.dll+0x82c7f]
V  [jvm.dll+0x220b7f]
V  [jvm.dll+0x27276a]
C  [msvcr100.dll+0x21d9f]
C  [msvcr100.dll+0x21e3b]
C  [KERNEL32.DLL+0x17034]
C  [ntdll.dll+0x52651]


Current CompileTask:
C2:  10903 6842       4       org.gradle.internal.instantiation.generator.AbstractClassGenerator::inspectType (560 bytes)


---------------  P R O C E S S  ---------------

Java Threads: ( => current thread )
  0x00000000235e7800 JavaThread "Cache worker for execution history cache (E:\MyAndroidProjects\Kotlin\WWWeather\.gradle\6.5\executionHistory)" [_thread_blocked, id=15552, stack(0x000000002f090000,0x000000002f190000)]
  0x0000000020273800 JavaThread "Execution worker for ':' Thread 7" [_thread_blocked, id=544, stack(0x000000002ef90000,0x000000002f090000)]
  0x0000000020273000 JavaThread "Execution worker for ':' Thread 6" [_thread_blocked, id=2668, stack(0x000000002ee90000,0x000000002ef90000)]
  0x0000000020270000 JavaThread "Execution worker for ':' Thread 5" [_thread_blocked, id=2376, stack(0x000000002ed90000,0x000000002ee90000)]
  0x0000000020275000 JavaThread "Execution worker for ':' Thread 4" [_thread_blocked, id=12900, stack(0x000000002ec90000,0x000000002ed90000)]
  0x000000002026e800 JavaThread "Execution worker for ':' Thread 3" [_thread_blocked, id=3640, stack(0x000000002eb90000,0x000000002ec90000)]
  0x0000000020270800 JavaThread "Execution worker for ':' Thread 2" [_thread_in_Java, id=492, stack(0x000000002ea90000,0x000000002eb90000)]
  0x000000002026f000 JavaThread "Execution worker for ':'" [_thread_blocked, id=14240, stack(0x000000002d590000,0x000000002d690000)]
  0x0000000020272000 JavaThread "Cache worker for file content cache (E:\MyAndroidProjects\Kotlin\WWWeather\.gradle\6.5\fileContent)" [_thread_blocked, id=1048, stack(0x000000002d290000,0x000000002d390000)]
  0x0000000020271800 JavaThread "Memory manager" [_thread_blocked, id=1200, stack(0x000000002d190000,0x000000002d290000)]
  0x000000002026d800 JavaThread "Cache worker for Build Output Cleanup Cache (E:\MyAndroidProjects\Kotlin\WWWeather\.gradle\buildOutputCleanup)" [_thread_blocked, id=18796, stack(0x000000002be50000,0x000000002bf50000)]
  0x000000002026d000 JavaThread "jar transforms Thread 112" [_thread_blocked, id=14456, stack(0x000000002bd50000,0x000000002be50000)]
  0x000000002026c000 JavaThread "jar transforms Thread 111" [_thread_blocked, id=10696, stack(0x000000002bb50000,0x000000002bc50000)]
  0x000000002026b800 JavaThread "jar transforms Thread 110" [_thread_blocked, id=5696, stack(0x000000002ba50000,0x000000002bb50000)]
  0x0000000020269000 JavaThread "jar transforms Thread 109" [_thread_blocked, id=9708, stack(0x000000002b950000,0x000000002ba50000)]
  0x000000002026a800 JavaThread "jar transforms Thread 108" [_thread_blocked, id=18364, stack(0x000000002b850000,0x000000002b950000)]
  0x0000000020268800 JavaThread "jar transforms Thread 107" [_thread_blocked, id=3984, stack(0x000000002b750000,0x000000002b850000)]
  0x000000002026a000 JavaThread "jar transforms Thread 106" [_thread_blocked, id=4280, stack(0x000000002b650000,0x000000002b750000)]
  0x0000000020266000 JavaThread "jar transforms Thread 105" [_thread_blocked, id=1268, stack(0x000000002b550000,0x000000002b650000)]
  0x0000000020267800 JavaThread "jar transforms Thread 104" [_thread_blocked, id=15940, stack(0x000000002b450000,0x000000002b550000)]
  0x000000001f34a000 JavaThread "jar transforms Thread 103" [_thread_blocked, id=13704, stack(0x000000002b350000,0x000000002b450000)]
  0x000000001f34e800 JavaThread "jar transforms Thread 102" [_thread_blocked, id=12028, stack(0x000000002b250000,0x000000002b350000)]
  0x000000001f34d000 JavaThread "jar transforms Thread 101" [_thread_blocked, id=19868, stack(0x000000002b150000,0x000000002b250000)]
  0x000000001f34f000 JavaThread "jar transforms Thread 100" [_thread_blocked, id=9064, stack(0x000000002b050000,0x000000002b150000)]
  0x000000001f34b800 JavaThread "jar transforms Thread 99" [_thread_blocked, id=17740, stack(0x000000002af50000,0x000000002b050000)]
  0x000000001f34a800 JavaThread "jar transforms Thread 98" [_thread_blocked, id=14804, stack(0x000000002ae50000,0x000000002af50000)]
  0x000000001f34c000 JavaThread "jar transforms Thread 97" [_thread_blocked, id=10292, stack(0x000000002ad50000,0x000000002ae50000)]
  0x000000001f34d800 JavaThread "jar transforms Thread 96" [_thread_blocked, id=18044, stack(0x000000002ac50000,0x000000002ad50000)]
  0x000000001f342800 JavaThread "jar transforms Thread 95" [_thread_blocked, id=14764, stack(0x000000002ab50000,0x000000002ac50000)]
  0x000000001f349000 JavaThread "jar transforms Thread 94" [_thread_blocked, id=20268, stack(0x000000002aa50000,0x000000002ab50000)]
  0x000000001f341800 JavaThread "jar transforms Thread 93" [_thread_blocked, id=18940, stack(0x000000002a950000,0x000000002aa50000)]
  0x000000001f348800 JavaThread "jar transforms Thread 92" [_thread_blocked, id=2208, stack(0x000000002a850000,0x000000002a950000)]
  0x000000001f341000 JavaThread "jar transforms Thread 91" [_thread_blocked, id=10776, stack(0x000000002a750000,0x000000002a850000)]
  0x000000001f347800 JavaThread "jar transforms Thread 90" [_thread_blocked, id=4176, stack(0x000000002a650000,0x000000002a750000)]
  0x000000001f340000 JavaThread "jar transforms Thread 89" [_thread_blocked, id=16088, stack(0x000000002a550000,0x000000002a650000)]
  0x000000001f347000 JavaThread "jar transforms Thread 88" [_thread_blocked, id=1444, stack(0x000000002a450000,0x000000002a550000)]
  0x000000001f346000 JavaThread "jar transforms Thread 87" [_thread_blocked, id=13920, stack(0x000000002a350000,0x000000002a450000)]
  0x000000001f344000 JavaThread "jar transforms Thread 86" [_thread_blocked, id=7120, stack(0x000000002a250000,0x000000002a350000)]
  0x000000001f345800 JavaThread "jar transforms Thread 85" [_thread_blocked, id=9676, stack(0x000000002a150000,0x000000002a250000)]
  0x000000001f344800 JavaThread "jar transforms Thread 84" [_thread_blocked, id=18140, stack(0x000000002a050000,0x000000002a150000)]
  0x000000001f343000 JavaThread "jar transforms Thread 83" [_thread_blocked, id=4748, stack(0x0000000029f50000,0x000000002a050000)]
  0x000000002208b800 JavaThread "jar transforms Thread 82" [_thread_blocked, id=14560, stack(0x0000000029e50000,0x0000000029f50000)]
  0x000000002208b000 JavaThread "jar transforms Thread 81" [_thread_blocked, id=4736, stack(0x0000000029d50000,0x0000000029e50000)]
  0x000000002208e800 JavaThread "jar transforms Thread 80" [_thread_blocked, id=16900, stack(0x0000000029c50000,0x0000000029d50000)]
  0x000000002208d000 JavaThread "jar transforms Thread 79" [_thread_blocked, id=11500, stack(0x0000000029b50000,0x0000000029c50000)]
  0x000000002208e000 JavaThread "jar transforms Thread 78" [_thread_blocked, id=14492, stack(0x0000000029a50000,0x0000000029b50000)]
  0x000000002208c800 JavaThread "jar transforms Thread 77" [_thread_blocked, id=12340, stack(0x0000000029950000,0x0000000029a50000)]
  0x0000000022083800 JavaThread "jar transforms Thread 76" [_thread_blocked, id=16164, stack(0x0000000029850000,0x0000000029950000)]
  0x000000002208a000 JavaThread "jar transforms Thread 75" [_thread_blocked, id=18412, stack(0x0000000029750000,0x0000000029850000)]
  0x0000000022089800 JavaThread "jar transforms Thread 74" [_thread_blocked, id=13604, stack(0x0000000029650000,0x0000000029750000)]
  0x0000000022088000 JavaThread "jar transforms Thread 73" [_thread_blocked, id=16580, stack(0x0000000029550000,0x0000000029650000)]
  0x0000000022087000 JavaThread "jar transforms Thread 72" [_thread_blocked, id=13788, stack(0x0000000029450000,0x0000000029550000)]
  0x0000000022088800 JavaThread "jar transforms Thread 71" [_thread_blocked, id=13576, stack(0x0000000029350000,0x0000000029450000)]
  0x000000002207f800 JavaThread "jar transforms Thread 70" [_thread_blocked, id=13244, stack(0x0000000029250000,0x0000000029350000)]
  0x0000000022082800 JavaThread "jar transforms Thread 69" [_thread_blocked, id=12436, stack(0x0000000029150000,0x0000000029250000)]
  0x0000000022086800 JavaThread "jar transforms Thread 68" [_thread_blocked, id=20348, stack(0x0000000029050000,0x0000000029150000)]
  0x0000000022085800 JavaThread "jar transforms Thread 67" [_thread_blocked, id=17012, stack(0x0000000028f50000,0x0000000029050000)]
  0x0000000022082000 JavaThread "jar transforms Thread 66" [_thread_blocked, id=19408, stack(0x0000000028e50000,0x0000000028f50000)]
  0x0000000022085000 JavaThread "jar transforms Thread 65" [_thread_blocked, id=12808, stack(0x0000000028d50000,0x0000000028e50000)]
  0x0000000022080800 JavaThread "jar transforms Thread 64" [_thread_blocked, id=9700, stack(0x0000000028c50000,0x0000000028d50000)]
  0x0000000022081000 JavaThread "jar transforms Thread 63" [_thread_blocked, id=9028, stack(0x0000000028b50000,0x0000000028c50000)]
  0x0000000022084000 JavaThread "jar transforms Thread 62" [_thread_blocked, id=12536, stack(0x0000000028a50000,0x0000000028b50000)]
  0x000000001caf7800 JavaThread "jar transforms Thread 61" [_thread_blocked, id=736, stack(0x0000000028950000,0x0000000028a50000)]
  0x000000001caf5800 JavaThread "jar transforms Thread 60" [_thread_blocked, id=17524, stack(0x0000000028850000,0x0000000028950000)]
  0x000000001cafc000 JavaThread "jar transforms Thread 59" [_thread_blocked, id=2812, stack(0x0000000028750000,0x0000000028850000)]
  0x000000001caf7000 JavaThread "jar transforms Thread 58" [_thread_blocked, id=11380, stack(0x0000000028650000,0x0000000028750000)]
  0x000000001caf8800 JavaThread "jar transforms Thread 57" [_thread_blocked, id=16536, stack(0x0000000028550000,0x0000000028650000)]
  0x000000001cafa000 JavaThread "jar transforms Thread 56" [_thread_blocked, id=17636, stack(0x0000000028450000,0x0000000028550000)]
  0x000000001caf6000 JavaThread "jar transforms Thread 55" [_thread_blocked, id=15760, stack(0x0000000028350000,0x0000000028450000)]
  0x000000001cafb800 JavaThread "jar transforms Thread 54" [_thread_blocked, id=10248, stack(0x0000000028250000,0x0000000028350000)]
  0x000000001caf4800 JavaThread "jar transforms Thread 53" [_thread_blocked, id=6656, stack(0x0000000028150000,0x0000000028250000)]
  0x000000001caf9000 JavaThread "jar transforms Thread 52" [_thread_blocked, id=17160, stack(0x0000000028050000,0x0000000028150000)]
  0x000000001cafa800 JavaThread "jar transforms Thread 51" [_thread_blocked, id=18172, stack(0x0000000027f50000,0x0000000028050000)]
  0x000000001caed000 JavaThread "jar transforms Thread 50" [_thread_blocked, id=15144, stack(0x0000000027e50000,0x0000000027f50000)]
  0x000000001caf3000 JavaThread "jar transforms Thread 49" [_thread_blocked, id=15172, stack(0x0000000027d50000,0x0000000027e50000)]
  0x000000001caf2800 JavaThread "jar transforms Thread 48" [_thread_blocked, id=2468, stack(0x0000000027c50000,0x0000000027d50000)]
  0x000000001caf1800 JavaThread "jar transforms Thread 47" [_thread_blocked, id=17876, stack(0x0000000027b50000,0x0000000027c50000)]
  0x000000001caee800 JavaThread "jar transforms Thread 46" [_thread_blocked, id=1824, stack(0x0000000027a50000,0x0000000027b50000)]
  0x000000001caef800 JavaThread "jar transforms Thread 45" [_thread_blocked, id=18700, stack(0x0000000027950000,0x0000000027a50000)]
  0x000000001caf4000 JavaThread "jar transforms Thread 44" [_thread_blocked, id=20152, stack(0x0000000027850000,0x0000000027950000)]
  0x000000001caf1000 JavaThread "jar transforms Thread 43" [_thread_blocked, id=16364, stack(0x0000000027750000,0x0000000027850000)]
  0x000000001caee000 JavaThread "jar transforms Thread 42" [_thread_blocked, id=18244, stack(0x0000000027650000,0x0000000027750000)]
  0x000000001caf0000 JavaThread "jar transforms Thread 41" [_thread_blocked, id=484, stack(0x0000000027550000,0x0000000027650000)]
  0x000000001f6ba800 JavaThread "jar transforms Thread 40" [_thread_blocked, id=1912, stack(0x0000000027450000,0x0000000027550000)]
  0x000000001f6bd800 JavaThread "jar transforms Thread 39" [_thread_blocked, id=18260, stack(0x0000000027350000,0x0000000027450000)]
  0x000000001f6bc000 JavaThread "jar transforms Thread 38" [_thread_blocked, id=9136, stack(0x0000000027250000,0x0000000027350000)]
  0x000000001f6bc800 JavaThread "jar transforms Thread 37" [_thread_blocked, id=16336, stack(0x0000000027150000,0x0000000027250000)]
  0x000000001f6b9800 JavaThread "jar transforms Thread 36" [_thread_blocked, id=17536, stack(0x0000000027050000,0x0000000027150000)]
  0x000000001f6b8000 JavaThread "jar transforms Thread 35" [_thread_blocked, id=4064, stack(0x0000000026f50000,0x0000000027050000)]
  0x000000001f6bb000 JavaThread "jar transforms Thread 34" [_thread_blocked, id=7508, stack(0x0000000026e50000,0x0000000026f50000)]
  0x000000001f6b9000 JavaThread "jar transforms Thread 33" [_thread_blocked, id=2360, stack(0x0000000026d50000,0x0000000026e50000)]
  0x000000001f6b0800 JavaThread "jar transforms Thread 32" [_thread_blocked, id=19596, stack(0x0000000026c50000,0x0000000026d50000)]
  0x000000001f6b7800 JavaThread "jar transforms Thread 31" [_thread_blocked, id=8756, stack(0x0000000026b50000,0x0000000026c50000)]
  0x000000001f6b0000 JavaThread "jar transforms Thread 30" [_thread_blocked, id=19688, stack(0x0000000026a50000,0x0000000026b50000)]
  0x000000001f6b4800 JavaThread "jar transforms Thread 29" [_thread_blocked, id=3764, stack(0x0000000026950000,0x0000000026a50000)]
  0x000000001f6b6800 JavaThread "jar transforms Thread 28" [_thread_blocked, id=17508, stack(0x0000000026850000,0x0000000026950000)]
  0x000000001f6b2000 JavaThread "jar transforms Thread 27" [_thread_blocked, id=19464, stack(0x0000000026750000,0x0000000026850000)]
  0x000000001f6b3800 JavaThread "jar transforms Thread 26" [_thread_blocked, id=18572, stack(0x0000000026650000,0x0000000026750000)]
  0x000000001f6af000 JavaThread "jar transforms Thread 25" [_thread_blocked, id=15052, stack(0x0000000026550000,0x0000000026650000)]
  0x000000001f6b6000 JavaThread "jar transforms Thread 24" [_thread_blocked, id=14428, stack(0x0000000026450000,0x0000000026550000)]
  0x000000001f6ae800 JavaThread "jar transforms Thread 23" [_thread_blocked, id=17084, stack(0x0000000026350000,0x0000000026450000)]
  0x000000001f6b3000 JavaThread "jar transforms Thread 22" [_thread_blocked, id=7452, stack(0x0000000026250000,0x0000000026350000)]
  0x000000001f6b5000 JavaThread "jar transforms Thread 21" [_thread_blocked, id=7824, stack(0x0000000026150000,0x0000000026250000)]
  0x000000001f6b1800 JavaThread "jar transforms Thread 20" [_thread_blocked, id=19960, stack(0x0000000026050000,0x0000000026150000)]
  0x000000001ad00000 JavaThread "jar transforms Thread 19" [_thread_blocked, id=17016, stack(0x0000000025f50000,0x0000000026050000)]
  0x000000001acfe800 JavaThread "jar transforms Thread 18" [_thread_blocked, id=15284, stack(0x0000000025e50000,0x0000000025f50000)]
  0x000000001ad00800 JavaThread "jar transforms Thread 17" [_thread_blocked, id=17040, stack(0x0000000025d50000,0x0000000025e50000)]
  0x000000001acfd000 JavaThread "jar transforms Thread 16" [_thread_blocked, id=19064, stack(0x0000000025c50000,0x0000000025d50000)]
  0x000000001acfd800 JavaThread "jar transforms Thread 15" [_thread_blocked, id=9540, stack(0x0000000025b50000,0x0000000025c50000)]
  0x000000001acfc000 JavaThread "jar transforms Thread 14" [_thread_blocked, id=1208, stack(0x0000000025a50000,0x0000000025b50000)]
  0x000000001ad01800 JavaThread "jar transforms Thread 13" [_thread_blocked, id=16920, stack(0x0000000025950000,0x0000000025a50000)]
  0x000000001acfb800 JavaThread "jar transforms Thread 12" [_thread_blocked, id=9640, stack(0x0000000025850000,0x0000000025950000)]
  0x000000001acff000 JavaThread "jar transforms Thread 11" [_thread_blocked, id=10752, stack(0x0000000025750000,0x0000000025850000)]
  0x000000001acfa800 JavaThread "jar transforms Thread 10" [_thread_blocked, id=10140, stack(0x0000000025650000,0x0000000025750000)]
  0x000000001cad4000 JavaThread "jar transforms Thread 9" [_thread_blocked, id=14868, stack(0x0000000025550000,0x0000000025650000)]
  0x000000001cad7000 JavaThread "jar transforms Thread 8" [_thread_blocked, id=3768, stack(0x0000000025450000,0x0000000025550000)]
  0x000000001cad5800 JavaThread "jar transforms Thread 7" [_thread_blocked, id=8320, stack(0x0000000025350000,0x0000000025450000)]
  0x000000001cad6000 JavaThread "jar transforms Thread 6" [_thread_blocked, id=20316, stack(0x0000000025250000,0x0000000025350000)]
  0x000000001cad2800 JavaThread "jar transforms Thread 5" [_thread_blocked, id=16180, stack(0x0000000025150000,0x0000000025250000)]
  0x000000001cad4800 JavaThread "jar transforms Thread 4" [_thread_blocked, id=5840, stack(0x0000000025050000,0x0000000025150000)]
  0x000000001cad3000 JavaThread "jar transforms Thread 3" [_thread_blocked, id=3940, stack(0x0000000024f50000,0x0000000025050000)]
  0x000000001cacb000 JavaThread "jar transforms Thread 2" [_thread_blocked, id=18516, stack(0x0000000024e50000,0x0000000024f50000)]
  0x000000001cad1800 JavaThread "Build operations Thread 8" [_thread_blocked, id=16644, stack(0x0000000024c50000,0x0000000024d50000)]
  0x000000001caca000 JavaThread "Build operations Thread 7" [_thread_blocked, id=15852, stack(0x0000000024b50000,0x0000000024c50000)]
  0x000000001cad1000 JavaThread "Build operations Thread 6" [_thread_blocked, id=19124, stack(0x0000000024a50000,0x0000000024b50000)]
  0x000000001cad0000 JavaThread "Build operations Thread 5" [_thread_blocked, id=18632, stack(0x0000000024950000,0x0000000024a50000)]
  0x000000001cac8800 JavaThread "Build operations Thread 4" [_thread_blocked, id=7976, stack(0x0000000024850000,0x0000000024950000)]
  0x000000001cac9800 JavaThread "Build operations Thread 3" [_thread_blocked, id=12336, stack(0x0000000024750000,0x0000000024850000)]
  0x000000001cacb800 JavaThread "Build operations Thread 2" [_thread_in_native, id=7224, stack(0x0000000024650000,0x0000000024750000)]
  0x000000001cacf800 JavaThread "Build operations" [_thread_blocked, id=11724, stack(0x0000000024550000,0x0000000024650000)]
  0x000000001c838800 JavaThread "Cache worker for file content cache (C:\Users\msalah\.gradle\caches\6.5\fileContent)" [_thread_blocked, id=15244, stack(0x0000000022e80000,0x0000000022f80000)]
  0x000000001c83e800 JavaThread "jar transforms" [_thread_blocked, id=19120, stack(0x0000000022d80000,0x0000000022e80000)]
  0x000000001c83f000 JavaThread "Cache worker for execution history cache (C:\Users\msalah\.gradle\caches\6.5\executionHistory)" [_thread_in_Java, id=2500, stack(0x0000000022680000,0x0000000022780000)]
  0x000000001c83a000 JavaThread "Cache worker for cache directory md-rule (C:\Users\msalah\.gradle\caches\6.5\md-rule)" [_thread_blocked, id=14956, stack(0x0000000022580000,0x0000000022680000)]
  0x000000001c83d000 JavaThread "Cache worker for cache directory md-supplier (C:\Users\msalah\.gradle\caches\6.5\md-supplier)" [_thread_blocked, id=14664, stack(0x0000000022480000,0x0000000022580000)]
  0x000000001c83d800 JavaThread "Cache worker for checksums cache (E:\MyAndroidProjects\Kotlin\WWWeather\.gradle\checksums)" [_thread_blocked, id=6836, stack(0x00000000212d0000,0x00000000213d0000)]
  0x000000001c83b800 JavaThread "Cache worker for file hash cache (E:\MyAndroidProjects\Kotlin\WWWeather\.gradle\6.5\fileHashes)" [_thread_blocked, id=13236, stack(0x0000000020fc0000,0x00000000210c0000)]
  0x000000001c83c000 JavaThread "Cache worker for file hash cache (C:\Users\msalah\.gradle\caches\6.5\fileHashes)" [_thread_blocked, id=19208, stack(0x000000001ea70000,0x000000001eb70000)]
  0x000000001c83a800 JavaThread "File lock request listener" [_thread_in_native, id=14548, stack(0x000000001e970000,0x000000001ea70000)]
  0x000000001c814800 JavaThread "Cache worker for journal cache (C:\Users\msalah\.gradle\caches\journal-1)" [_thread_blocked, id=10780, stack(0x000000001e870000,0x000000001e970000)]
  0x000000001c5b5800 JavaThread "Thread-9" [_thread_blocked, id=2884, stack(0x000000001e570000,0x000000001e670000)]
  0x000000001c5ec000 JavaThread "Stdin handler" [_thread_blocked, id=1296, stack(0x000000001e470000,0x000000001e570000)]
  0x000000001c5ea800 JavaThread "Asynchronous log dispatcher for DefaultDaemonConnection: socket connection from /127.0.0.1:14378 to /127.0.0.1:14379" [_thread_blocked, id=5268, stack(0x000000001e370000,0x000000001e470000)]
  0x000000001c653800 JavaThread "Daemon worker" [_thread_blocked, id=19876, stack(0x000000001e270000,0x000000001e370000)]
  0x000000001c5ef800 JavaThread "Cancel handler" [_thread_blocked, id=15464, stack(0x000000001e170000,0x000000001e270000)]
  0x000000001c51f000 JavaThread "Handler for socket connection from /127.0.0.1:14378 to /127.0.0.1:14379" [_thread_in_native, id=13960, stack(0x000000001e070000,0x000000001e170000)]
  0x000000001c51c800 JavaThread "Daemon" [_thread_blocked, id=8660, stack(0x000000001df70000,0x000000001e070000)]
  0x000000001c56f000 JavaThread "Daemon periodic checks" [_thread_blocked, id=12940, stack(0x000000001dc70000,0x000000001dd70000)]
  0x000000001c50d000 JavaThread "Incoming local TCP Connector on port 14378" [_thread_in_native, id=14232, stack(0x000000001da30000,0x000000001db30000)]
  0x000000001c440000 JavaThread "Daemon health stats" [_thread_blocked, id=3136, stack(0x000000001d3f0000,0x000000001d4f0000)]
  0x0000000019c5b800 JavaThread "Service Thread" daemon [_thread_blocked, id=16048, stack(0x000000001a850000,0x000000001a950000)]
  0x0000000019bd2000 JavaThread "C1 CompilerThread3" daemon [_thread_in_native, id=3036, stack(0x000000001a750000,0x000000001a850000)]
  0x0000000017d79000 JavaThread "C2 CompilerThread2" daemon [_thread_in_native, id=19668, stack(0x000000001a650000,0x000000001a750000)]
  0x0000000019b8d800 JavaThread "C2 CompilerThread1" daemon [_thread_in_native, id=16436, stack(0x000000001a550000,0x000000001a650000)]
=>0x0000000019b89800 JavaThread "C2 CompilerThread0" daemon [_thread_in_native, id=20308, stack(0x000000001a450000,0x000000001a550000)]
  0x0000000019bd1000 JavaThread "Attach Listener" daemon [_thread_blocked, id=12224, stack(0x000000001a350000,0x000000001a450000)]
  0x0000000019bd0800 JavaThread "Signal Dispatcher" daemon [_thread_blocked, id=1008, stack(0x000000001a250000,0x000000001a350000)]
  0x0000000002cfe000 JavaThread "Finalizer" daemon [_thread_blocked, id=9048, stack(0x000000001a050000,0x000000001a150000)]
  0x0000000002cf7800 JavaThread "Reference Handler" daemon [_thread_blocked, id=19176, stack(0x0000000019f50000,0x000000001a050000)]
  0x0000000002abe000 JavaThread "main" [_thread_blocked, id=18776, stack(0x0000000002b00000,0x0000000002c00000)]

Other Threads:
  0x0000000017d66800 VMThread [stack: 0x0000000019a50000,0x0000000019b50000] [id=7424]
  0x0000000019c5c800 WatcherThread [stack: 0x000000001a950000,0x000000001aa50000] [id=1520]

VM state:not at safepoint (normal execution)

VM Mutex/Monitor currently owned by a thread:  ([mutex/lock_event])
[0x0000000002abc370] CodeCache_lock - owner thread: 0x0000000000000000

heap address: 0x0000000080000000, size: 2048 MB, Compressed Oops mode: 32-bit
Narrow klass base: 0x0000000000000000, Narrow klass shift: 3
Compressed class space size: 1073741824 Address: 0x0000000100000000

Heap:
 PSYoungGen      total 315904K, used 236045K [0x00000000d5580000, 0x00000000ea800000, 0x0000000100000000)
  eden space 298496K, 79% used [0x00000000d5580000,0x00000000e3c036b0,0x00000000e7900000)
  from space 17408K, 0% used [0x00000000e9100000,0x00000000e9100000,0x00000000ea200000)
  to   space 24064K, 0% used [0x00000000e7900000,0x00000000e7900000,0x00000000e9080000)
 ParOldGen       total 238592K, used 39851K [0x0000000080000000, 0x000000008e900000, 0x00000000d5580000)
  object space 238592K, 16% used [0x0000000080000000,0x00000000826eaf98,0x000000008e900000)
 Metaspace       used 65390K, capacity 68768K, committed 69016K, reserved 1107968K
  class space    used 8994K, capacity 9645K, committed 9648K, reserved 1048576K

Card table byte_map: [0x00000000120c0000,0x00000000124d0000] byte_map_base: 0x0000000011cc0000

Marking Bits: (ParMarkBitMap*) 0x000000007067f030
 Begin Bits: [0x0000000012f80000, 0x0000000014f80000)
 End Bits:   [0x0000000014f80000, 0x0000000016f80000)

Polling page: 0x0000000001200000

CodeCache: size=245760Kb used=21485Kb max_used=21485Kb free=224274Kb
 bounds [0x0000000002d00000, 0x0000000004220000, 0x0000000011d00000]
 total_blobs=7706 nmethods=6922 adapters=696
 compilation: enabled

Compilation events (10 events):
Event: 10.849 Thread 0x0000000019bd2000 nmethod 7813 0x00000000041e5b90 code [0x00000000041e5d20, 0x00000000041e6238]
Event: 10.849 Thread 0x0000000019bd2000 7814   !   3       java.util.concurrent.ConcurrentHashMap::putVal (362 bytes)
Event: 10.853 Thread 0x0000000019bd2000 nmethod 7814 0x00000000041e6410 code [0x00000000041e66c0, 0x00000000041e8058]
Event: 10.853 Thread 0x0000000019bd2000 7812       3       org.gradle.internal.logging.sink.ProgressLogEventGenerator$Operation::complete (415 bytes)
Event: 10.863 Thread 0x0000000019bd2000 nmethod 7812 0x00000000041e8cd0 code [0x00000000041e94c0, 0x00000000041ef3f8]
Event: 10.864 Thread 0x0000000019bd2000 7831       3       org.gradle.cache.internal.btree.CachingBlockStore::flush (63 bytes)
Event: 10.864 Thread 0x0000000019bd2000 nmethod 7831 0x00000000041f3490 code [0x00000000041f3680, 0x00000000041f3ec8]
Event: 10.864 Thread 0x0000000019bd2000 7821       3       org.gradle.internal.logging.serializer.ProgressStartEventSerializer::write (383 bytes)
Event: 10.868 Thread 0x0000000019bd2000 nmethod 7821 0x00000000041f4150 code [0x00000000041f4480, 0x00000000041f6248]
Event: 10.868 Thread 0x0000000019bd2000 7833       1       com.google.common.collect.CompactHashMap::hashTableMask (8 bytes)

GC Heap History (10 events):
Event: 4.128 GC heap before
{Heap before GC invocations=7 (full 1):
 PSYoungGen      total 141824K, used 44702K [0x00000000d5580000, 0x00000000e3f00000, 0x0000000100000000)
  eden space 131072K, 25% used [0x00000000d5580000,0x00000000d76a9a88,0x00000000dd580000)
  from space 10752K, 99% used [0x00000000dd580000,0x00000000ddffde20,0x00000000de000000)
  to   space 16384K, 0% used [0x00000000e2f00000,0x00000000e2f00000,0x00000000e3f00000)
 ParOldGen       total 99328K, used 11043K [0x0000000080000000, 0x0000000086100000, 0x00000000d5580000)
  object space 99328K, 11% used [0x0000000080000000,0x0000000080ac8c20,0x0000000086100000)
 Metaspace       used 34349K, capacity 35414K, committed 35496K, reserved 1079296K
  class space    used 4728K, capacity 5002K, committed 5040K, reserved 1048576K
Event: 4.138 GC heap after
Heap after GC invocations=7 (full 1):
 PSYoungGen      total 223744K, used 8935K [0x00000000d5580000, 0x00000000e4080000, 0x0000000100000000)
  eden space 207360K, 0% used [0x00000000d5580000,0x00000000d5580000,0x00000000e2000000)
  from space 16384K, 54% used [0x00000000e2f00000,0x00000000e37b9fb8,0x00000000e3f00000)
  to   space 15360K, 0% used [0x00000000e2000000,0x00000000e2000000,0x00000000e2f00000)
 ParOldGen       total 99328K, used 11051K [0x0000000080000000, 0x0000000086100000, 0x00000000d5580000)
  object space 99328K, 11% used [0x0000000080000000,0x0000000080acac20,0x0000000086100000)
 Metaspace       used 34349K, capacity 35414K, committed 35496K, reserved 1079296K
  class space    used 4728K, capacity 5002K, committed 5040K, reserved 1048576K
}
Event: 4.138 GC heap before
{Heap before GC invocations=8 (full 2):
 PSYoungGen      total 223744K, used 8935K [0x00000000d5580000, 0x00000000e4080000, 0x0000000100000000)
  eden space 207360K, 0% used [0x00000000d5580000,0x00000000d5580000,0x00000000e2000000)
  from space 16384K, 54% used [0x00000000e2f00000,0x00000000e37b9fb8,0x00000000e3f00000)
  to   space 15360K, 0% used [0x00000000e2000000,0x00000000e2000000,0x00000000e2f00000)
 ParOldGen       total 99328K, used 11051K [0x0000000080000000, 0x0000000086100000, 0x00000000d5580000)
  object space 99328K, 11% used [0x0000000080000000,0x0000000080acac20,0x0000000086100000)
 Metaspace       used 34349K, capacity 35414K, committed 35496K, reserved 1079296K
  class space    used 4728K, capacity 5002K, committed 5040K, reserved 1048576K
Event: 4.185 GC heap after
Heap after GC invocations=8 (full 2):
 PSYoungGen      total 223744K, used 0K [0x00000000d5580000, 0x00000000e4080000, 0x0000000100000000)
  eden space 207360K, 0% used [0x00000000d5580000,0x00000000d5580000,0x00000000e2000000)
  from space 16384K, 0% used [0x00000000e2f00000,0x00000000e2f00000,0x00000000e3f00000)
  to   space 15360K, 0% used [0x00000000e2000000,0x00000000e2000000,0x00000000e2f00000)
 ParOldGen       total 154112K, used 15375K [0x0000000080000000, 0x0000000089680000, 0x00000000d5580000)
  object space 154112K, 9% used [0x0000000080000000,0x0000000080f03cf0,0x0000000089680000)
 Metaspace       used 34349K, capacity 35414K, committed 35496K, reserved 1079296K
  class space    used 4728K, capacity 5002K, committed 5040K, reserved 1048576K
}
Event: 5.984 GC heap before
{Heap before GC invocations=9 (full 2):
 PSYoungGen      total 223744K, used 207360K [0x00000000d5580000, 0x00000000e4080000, 0x0000000100000000)
  eden space 207360K, 100% used [0x00000000d5580000,0x00000000e2000000,0x00000000e2000000)
  from space 16384K, 0% used [0x00000000e2f00000,0x00000000e2f00000,0x00000000e3f00000)
  to   space 15360K, 0% used [0x00000000e2000000,0x00000000e2000000,0x00000000e2f00000)
 ParOldGen       total 154112K, used 15375K [0x0000000080000000, 0x0000000089680000, 0x00000000d5580000)
  object space 154112K, 9% used [0x0000000080000000,0x0000000080f03cf0,0x0000000089680000)
 Metaspace       used 44421K, capacity 46244K, committed 46376K, reserved 1089536K
  class space    used 6032K, capacity 6398K, committed 6448K, reserved 1048576K
Event: 6.005 GC heap after
Heap after GC invocations=9 (full 2):
 PSYoungGen      total 222720K, used 15352K [0x00000000d5580000, 0x00000000ea200000, 0x0000000100000000)
  eden space 207360K, 0% used [0x00000000d5580000,0x00000000d5580000,0x00000000e2000000)
  from space 15360K, 99% used [0x00000000e2000000,0x00000000e2efe078,0x00000000e2f00000)
  to   space 17408K, 0% used [0x00000000e9100000,0x00000000e9100000,0x00000000ea200000)
 ParOldGen       total 154112K, used 15688K [0x0000000080000000, 0x0000000089680000, 0x00000000d5580000)
  object space 154112K, 10% used [0x0000000080000000,0x0000000080f522f8,0x0000000089680000)
 Metaspace       used 44421K, capacity 46244K, committed 46376K, reserved 1089536K
  class space    used 6032K, capacity 6398K, committed 6448K, reserved 1048576K
}
Event: 7.659 GC heap before
{Heap before GC invocations=10 (full 2):
 PSYoungGen      total 222720K, used 177688K [0x00000000d5580000, 0x00000000ea200000, 0x0000000100000000)
  eden space 207360K, 78% used [0x00000000d5580000,0x00000000df408378,0x00000000e2000000)
  from space 15360K, 99% used [0x00000000e2000000,0x00000000e2efe078,0x00000000e2f00000)
  to   space 17408K, 0% used [0x00000000e9100000,0x00000000e9100000,0x00000000ea200000)
 ParOldGen       total 154112K, used 15688K [0x0000000080000000, 0x0000000089680000, 0x00000000d5580000)
  object space 154112K, 10% used [0x0000000080000000,0x0000000080f522f8,0x0000000089680000)
 Metaspace       used 56778K, capacity 59066K, committed 59160K, reserved 1099776K
  class space    used 7725K, capacity 8190K, committed 8240K, reserved 1048576K
Event: 7.677 GC heap after
Heap after GC invocations=10 (full 2):
 PSYoungGen      total 315904K, used 17388K [0x00000000d5580000, 0x00000000ea800000, 0x0000000100000000)
  eden space 298496K, 0% used [0x00000000d5580000,0x00000000d5580000,0x00000000e7900000)
  from space 17408K, 99% used [0x00000000e9100000,0x00000000ea1fb330,0x00000000ea200000)
  to   space 24064K, 0% used [0x00000000e7900000,0x00000000e7900000,0x00000000e9080000)
 ParOldGen       total 154112K, used 25702K [0x0000000080000000, 0x0000000089680000, 0x00000000d5580000)
  object space 154112K, 16% used [0x0000000080000000,0x00000000819199b0,0x0000000089680000)
 Metaspace       used 56778K, capacity 59066K, committed 59160K, reserved 1099776K
  class space    used 7725K, capacity 8190K, committed 8240K, reserved 1048576K
}
Event: 7.677 GC heap before
{Heap before GC invocations=11 (full 3):
 PSYoungGen      total 315904K, used 17388K [0x00000000d5580000, 0x00000000ea800000, 0x0000000100000000)
  eden space 298496K, 0% used [0x00000000d5580000,0x00000000d5580000,0x00000000e7900000)
  from space 17408K, 99% used [0x00000000e9100000,0x00000000ea1fb330,0x00000000ea200000)
  to   space 24064K, 0% used [0x00000000e7900000,0x00000000e7900000,0x00000000e9080000)
 ParOldGen       total 154112K, used 25702K [0x0000000080000000, 0x0000000089680000, 0x00000000d5580000)
  object space 154112K, 16% used [0x0000000080000000,0x00000000819199b0,0x0000000089680000)
 Metaspace       used 56778K, capacity 59066K, committed 59160K, reserved 1099776K
  class space    used 7725K, capacity 8190K, committed 8240K, reserved 1048576K
Event: 7.988 GC heap after
Heap after GC invocations=11 (full 3):
 PSYoungGen      total 315904K, used 0K [0x00000000d5580000, 0x00000000ea800000, 0x0000000100000000)
  eden space 298496K, 0% used [0x00000000d5580000,0x00000000d5580000,0x00000000e7900000)
  from space 17408K, 0% used [0x00000000e9100000,0x00000000e9100000,0x00000000ea200000)
  to   space 24064K, 0% used [0x00000000e7900000,0x00000000e7900000,0x00000000e9080000)
 ParOldGen       total 238592K, used 39851K [0x0000000080000000, 0x000000008e900000, 0x00000000d5580000)
  object space 238592K, 16% used [0x0000000080000000,0x00000000826eaf98,0x000000008e900000)
 Metaspace       used 56737K, capacity 58928K, committed 59160K, reserved 1099776K
  class space    used 7713K, capacity 8167K, committed 8240K, reserved 1048576K
}

Deoptimization events (10 events):
Event: 9.972 Thread 0x000000001cad1000 Uncommon trap: reason=bimorphic action=maybe_recompile pc=0x0000000003b032fc method=java.util.concurrent.ConcurrentHashMap.putVal(Ljava/lang/Object;Ljava/lang/Object;Z)Ljava/lang/Object; @ 192
Event: 9.974 Thread 0x000000001cad0000 Uncommon trap: reason=bimorphic action=maybe_recompile pc=0x0000000003b032fc method=java.util.concurrent.ConcurrentHashMap.putVal(Ljava/lang/Object;Ljava/lang/Object;Z)Ljava/lang/Object; @ 192
Event: 10.078 Thread 0x000000001c83f000 Uncommon trap: reason=unstable_if action=reinterpret pc=0x0000000002e47758 method=com.esotericsoftware.kryo.io.Input.readUtf8(I)V @ 79
Event: 10.083 Thread 0x000000001cacf800 Uncommon trap: reason=unstable_if action=reinterpret pc=0x0000000003325fd0 method=java.util.concurrent.ConcurrentHashMap.addCount(JI)V @ 97
Event: 10.100 Thread 0x000000001cac8800 Uncommon trap: reason=unstable_if action=reinterpret pc=0x0000000002fb4dfc method=java.lang.String$CaseInsensitiveComparator.compare(Ljava/lang/String;Ljava/lang/String;)I @ 70
Event: 10.194 Thread 0x000000001c83f000 Uncommon trap: reason=unstable_if action=reinterpret pc=0x00000000033b2bbc method=com.esotericsoftware.kryo.io.Input.readVarInt(Z)I @ 42
Event: 10.216 Thread 0x000000001c83f000 Uncommon trap: reason=unstable_if action=reinterpret pc=0x0000000003186b28 method=com.esotericsoftware.kryo.io.Input.readVarInt(Z)I @ 42
Event: 10.476 Thread 0x000000001cad1000 Uncommon trap: reason=unstable_if action=reinterpret pc=0x000000000345888c method=java.util.concurrent.ConcurrentHashMap.addCount(JI)V @ 97
Event: 10.726 Thread 0x0000000020270800 Uncommon trap: reason=unstable_if action=reinterpret pc=0x0000000003affdc0 method=java.util.concurrent.locks.ReentrantLock$Sync.nonfairTryAcquire(I)Z @ 19
Event: 10.848 Thread 0x000000001cacb800 Uncommon trap: reason=unstable_if action=reinterpret pc=0x00000000040fdc10 method=java.util.concurrent.ConcurrentHashMap.addCount(JI)V @ 97

Classes redefined (0 events):
No events

Internal exceptions (10 events):
Event: 9.961 Thread 0x000000001cad1800 Exception <a 'java/lang/NoSuchMethodError': java.lang.Object.lambda$flatMap$3(Ljava/util/function/Function;)Lorg/gradle/internal/Try;> (0x00000000dcecbf60) thrown at [C:\src\AOSP-openjdk-git\hotspot\src\share\vm\interpreter\linkResolver.cpp, line 620]
Event: 9.961 Thread 0x000000001cacf800 Exception <a 'java/lang/NoSuchMethodError': java.lang.Object.lambda$flatMap$3(Ljava/util/function/Function;)Lorg/gradle/internal/Try;> (0x00000000dcc5cd68) thrown at [C:\src\AOSP-openjdk-git\hotspot\src\share\vm\interpreter\linkResolver.cpp, line 620]
Event: 10.062 Thread 0x000000001cacb800 Exception <a 'java/lang/NoSuchMethodError': java.lang.Object.lambda$flatMap$2(Ljava/util/function/Function;Ljava/lang/Object;)Lorg/gradle/internal/Try;> (0x00000000dd83a110) thrown at [C:\src\AOSP-openjdk-git\hotspot\src\share\vm\interpreter\linkResolver.
Event: 10.062 Thread 0x000000001cad0000 Exception <a 'java/lang/NoSuchMethodError': java.lang.Object.lambda$flatMap$2(Ljava/util/function/Function;Ljava/lang/Object;)Lorg/gradle/internal/Try;> (0x00000000dd921528) thrown at [C:\src\AOSP-openjdk-git\hotspot\src\share\vm\interpreter\linkResolver.
Event: 10.062 Thread 0x000000001cac9800 Exception <a 'java/lang/NoSuchMethodError': java.lang.Object.lambda$flatMap$2(Ljava/util/function/Function;Ljava/lang/Object;)Lorg/gradle/internal/Try;> (0x00000000dd7c8ab8) thrown at [C:\src\AOSP-openjdk-git\hotspot\src\share\vm\interpreter\linkResolver.
Event: 10.063 Thread 0x000000001caca000 Exception <a 'java/lang/NoSuchMethodError': java.lang.Object.lambda$flatMap$2(Ljava/util/function/Function;Ljava/lang/Object;)Lorg/gradle/internal/Try;> (0x00000000dd97f898) thrown at [C:\src\AOSP-openjdk-git\hotspot\src\share\vm\interpreter\linkResolver.
Event: 10.063 Thread 0x000000001cacf800 Exception <a 'java/lang/NoSuchMethodError': java.lang.Object.lambda$flatMap$2(Ljava/util/function/Function;Ljava/lang/Object;)Lorg/gradle/internal/Try;> (0x00000000dd6eb590) thrown at [C:\src\AOSP-openjdk-git\hotspot\src\share\vm\interpreter\linkResolver.
Event: 10.062 Thread 0x000000001cad1000 Exception <a 'java/lang/NoSuchMethodError': java.lang.Object.lambda$flatMap$2(Ljava/util/function/Function;Ljava/lang/Object;)Lorg/gradle/internal/Try;> (0x00000000dd04a138) thrown at [C:\src\AOSP-openjdk-git\hotspot\src\share\vm\interpreter\linkResolver.
Event: 10.063 Thread 0x000000001cac8800 Exception <a 'java/lang/NoSuchMethodError': java.lang.Object.lambda$flatMap$2(Ljava/util/function/Function;Ljava/lang/Object;)Lorg/gradle/internal/Try;> (0x00000000dd891690) thrown at [C:\src\AOSP-openjdk-git\hotspot\src\share\vm\interpreter\linkResolver.
Event: 10.443 Thread 0x0000000020270800 Exception <a 'java/lang/NoSuchMethodError': java.lang.Object.lambda$flatMap$0(Ljava/lang/Throwable;)Lorg/gradle/api/internal/artifacts/transform/CacheableInvocation;> (0x00000000dcc14820) thrown at [C:\src\AOSP-openjdk-git\hotspot\src\share\vm\interpreter

Events (10 events):
Event: 10.752 loading class org/gradle/internal/snapshot/MissingFileSnapshot done
Event: 10.752 loading class org/gradle/internal/snapshot/MissingFileSnapshot
Event: 10.752 loading class org/gradle/internal/snapshot/MissingFileSnapshot done
Event: 10.769 loading class org/gradle/internal/snapshot/impl/ListValueSnapshot
Event: 10.769 loading class org/gradle/internal/snapshot/impl/ListValueSnapshot done
Event: 10.848 Thread 0x000000001cacb800 Uncommon trap: trap_request=0xffffff65 fr.pc=0x00000000040fdc10
Event: 10.848 Thread 0x000000001cacb800 DEOPT PACKING pc=0x00000000040fdc10 sp=0x000000002474e680
Event: 10.848 Thread 0x000000001cacb800 DEOPT UNPACKING pc=0x0000000002d4557b sp=0x000000002474e570 mode 2
Event: 10.867 loading class org/gradle/internal/fingerprint/impl/IgnoredPathFingerprintingStrategy$1
Event: 10.867 loading class org/gradle/internal/fingerprint/impl/IgnoredPathFingerprintingStrategy$1 done


Dynamic libraries:
0x00007ff714ca0000 - 0x00007ff714cd1000 	C:\Program Files\Android\Android Studio\jre\bin\java.exe
0x00007ffb36c30000 - 0x00007ffb36e25000 	C:\Windows\SYSTEM32\ntdll.dll
0x00007ffb35b80000 - 0x00007ffb35c3d000 	C:\Windows\System32\KERNEL32.DLL
0x00007ffb348c0000 - 0x00007ffb34b89000 	C:\Windows\System32\KERNELBASE.dll
0x00007ffb35a00000 - 0x00007ffb35aac000 	C:\Windows\System32\ADVAPI32.dll
0x00007ffb35960000 - 0x00007ffb359fe000 	C:\Windows\System32\msvcrt.dll
0x00007ffb35c40000 - 0x00007ffb35cdc000 	C:\Windows\System32\sechost.dll
0x00007ffb369e0000 - 0x00007ffb36b0b000 	C:\Windows\System32\RPCRT4.dll
0x00007ffb366e0000 - 0x00007ffb36880000 	C:\Windows\System32\USER32.dll
0x00007ffb34890000 - 0x00007ffb348b2000 	C:\Windows\System32\win32u.dll
0x00007ffb36b10000 - 0x00007ffb36b3a000 	C:\Windows\System32\GDI32.dll
0x00007ffb34370000 - 0x00007ffb3447b000 	C:\Windows\System32\gdi32full.dll
0x00007ffb34740000 - 0x00007ffb347dd000 	C:\Windows\System32\msvcp_win.dll
0x00007ffb34b90000 - 0x00007ffb34c90000 	C:\Windows\System32\ucrtbase.dll
0x00007ffb33790000 - 0x00007ffb33a2a000 	C:\Windows\WinSxS\amd64_microsoft.windows.common-controls_6595b64144ccf1df_6.0.19041.844_none_ca00b6081b84eb1d\COMCTL32.dll
0x00007ffb36930000 - 0x00007ffb36960000 	C:\Windows\System32\IMM32.DLL
0x000000006f9a0000 - 0x000000006fa72000 	C:\Program Files\Android\Android Studio\jre\jre\bin\msvcr100.dll
0x000000006feb0000 - 0x00000000706fb000 	C:\Program Files\Android\Android Studio\jre\jre\bin\server\jvm.dll
0x00007ffb34db0000 - 0x00007ffb34db8000 	C:\Windows\System32\PSAPI.DLL
0x00007ffb190f0000 - 0x00007ffb19117000 	C:\Windows\SYSTEM32\WINMM.dll
0x00007ffb325e0000 - 0x00007ffb325e9000 	C:\Windows\SYSTEM32\WSOCK32.dll
0x00007ffb30f00000 - 0x00007ffb30f0a000 	C:\Windows\SYSTEM32\VERSION.dll
0x00007ffb35b10000 - 0x00007ffb35b7b000 	C:\Windows\System32\WS2_32.dll
0x00007ffb317d0000 - 0x00007ffb317df000 	C:\Program Files\Android\Android Studio\jre\jre\bin\verify.dll
0x00007ffb2ee60000 - 0x00007ffb2ee89000 	C:\Program Files\Android\Android Studio\jre\jre\bin\java.dll
0x00007ffb31030000 - 0x00007ffb31046000 	C:\Program Files\Android\Android Studio\jre\jre\bin\zip.dll
0x00007ffb35e50000 - 0x00007ffb36592000 	C:\Windows\System32\SHELL32.dll
0x00007ffb317e0000 - 0x00007ffb31f70000 	C:\Windows\SYSTEM32\windows.storage.dll
0x00007ffb35230000 - 0x00007ffb35585000 	C:\Windows\System32\combase.dll
0x00007ffb336f0000 - 0x00007ffb3371c000 	C:\Windows\SYSTEM32\Wldp.dll
0x00007ffb36880000 - 0x00007ffb3692e000 	C:\Windows\System32\SHCORE.dll
0x00007ffb35900000 - 0x00007ffb35955000 	C:\Windows\System32\shlwapi.dll
0x00007ffb342b0000 - 0x00007ffb342cf000 	C:\Windows\SYSTEM32\profapi.dll
0x00007ffb2ee40000 - 0x00007ffb2ee5a000 	C:\Program Files\Android\Android Studio\jre\jre\bin\net.dll
0x00007ffb333b0000 - 0x00007ffb3341a000 	C:\Windows\system32\mswsock.dll
0x00007ffb2e0a0000 - 0x00007ffb2e0b3000 	C:\Program Files\Android\Android Studio\jre\jre\bin\nio.dll
0x00007ffb07d00000 - 0x00007ffb07d27000 	C:\Users\msalah\.gradle\native\f6784746aeab05261644944871eae4fe03e0ef1612fff0a4a95f87b438bc6780\windows-amd64\native-platform.dll
0x00007ffb317c0000 - 0x00007ffb317cd000 	C:\Program Files\Android\Android Studio\jre\jre\bin\management.dll
0x00007ffb34100000 - 0x00007ffb34118000 	C:\Windows\SYSTEM32\CRYPTSP.dll
0x00007ffb32e00000 - 0x00007ffb32e34000 	C:\Windows\system32\rsaenh.dll
0x00007ffb34710000 - 0x00007ffb34737000 	C:\Windows\System32\bcrypt.dll
0x00007ffb34270000 - 0x00007ffb3429e000 	C:\Windows\SYSTEM32\USERENV.dll
0x00007ffb34480000 - 0x00007ffb34500000 	C:\Windows\System32\bcryptprimitives.dll
0x00007ffb33530000 - 0x00007ffb3353c000 	C:\Windows\SYSTEM32\CRYPTBASE.dll
0x00007ffb33130000 - 0x00007ffb3316b000 	C:\Windows\SYSTEM32\IPHLPAPI.DLL
0x00007ffb366d0000 - 0x00007ffb366d8000 	C:\Windows\System32\NSI.dll
0x00007ffb2b820000 - 0x00007ffb2b837000 	C:\Windows\SYSTEM32\dhcpcsvc6.DLL
0x00007ffb2c820000 - 0x00007ffb2c83d000 	C:\Windows\SYSTEM32\dhcpcsvc.DLL
0x00007ffb33170000 - 0x00007ffb3323b000 	C:\Windows\SYSTEM32\DNSAPI.dll
0x00007ffb2cab0000 - 0x00007ffb2cabb000 	C:\Windows\SYSTEM32\WINNSI.DLL
0x00007ffb33c00000 - 0x00007ffb33de4000 	C:\Windows\SYSTEM32\dbghelp.dll

VM Arguments:
jvm_args: -Xmx2048m -Dfile.encoding=UTF-8 -Duser.country=US -Duser.language=en -Duser.variant 
java_command: org.gradle.launcher.daemon.bootstrap.GradleDaemon 6.5
java_class_path (initial): C:\Users\msalah\.gradle\wrapper\dists\gradle-6.5-bin\6nifqtx7604sqp1q6g8wikw7p\gradle-6.5\lib\gradle-launcher-6.5.jar
Launcher Type: SUN_STANDARD

Environment Variables:
JAVA_HOME=C:\Program Files\Java\jdk1.8.0_112
PATH=C:\Program Files\Java\jdk1.8.0_112\bin;C:\Devolpement Tools\groovy-2.5.14\groovy-2.5.14\bin;C:\Devolpement Tools\gradle-6.8.2\bin;C:\ProgramData\Oracle\Java\javapath;C:\Windows\system32;C:\Windows;C:\Windows\System32\Wbem;C:\Windows\System32\WindowsPowerShell\v1.0\;C:\Windows\System32\OpenSSH\;C:\Program Files\Git\cmd;C:\Users\msalah\AppData\Local\Microsoft\WindowsApps;;C:\Devolpement Tools\Microsoft VS Code\bin;C:\Program Files\JetBrains\IntelliJ IDEA Educational Edition 2020.3\bin;
USERNAME=msalah
OS=Windows_NT
PROCESSOR_IDENTIFIER=Intel64 Family 6 Model 142 Stepping 11, GenuineIntel



---------------  S Y S T E M  ---------------

OS: Windows 10.0 , 64 bit Build 19041 (10.0.19041.804)

CPU:total 8 (initial active 8) (4 cores per cpu, 2 threads per core) family 6 model 142 stepping 11, cmov, cx8, fxsr, mmx, sse, sse2, sse3, ssse3, sse4.1, sse4.2, popcnt, avx, avx2, aes, clmul, erms, 3dnowpref, lzcnt, ht, tsc, tscinvbit, bmi1, bmi2, adx

Memory: 4k page, physical 16660740k(6254436k free), swap 19151108k(4877784k free)

vm_info: OpenJDK 64-Bit Server VM (25.242-b01) for windows-amd64 JRE (1.8.0_242-release-1644-b01), built by "builder" with MS VC++ 10.0 (VS2010)

time: Mon Mar 22 17:58:55 2021
timezone: Egypt Standard Time
elapsed time: 10 seconds (0d 0h 0m 10s)

